\BOOKMARK [1][-]{section.1}{\376\377\171\321\133\146\142\200\147\057\123\237\164\006}{}% 1
\BOOKMARK [2][-]{subsection.1.1}{\376\377\225\356\230\230\200\314\146\157}{section.1}% 2
\BOOKMARK [2][-]{subsection.1.2}{\376\377\000H\000I\000V\141\037\147\323\152\041\127\213\166\204\136\372\172\313}{section.1}% 3
\BOOKMARK [2][-]{subsection.1.3}{\376\377\152\041\127\213\136\163\210\141\160\271}{section.1}% 4
\BOOKMARK [3][-]{subsubsection.1.3.1}{\376\377\145\340\165\305\136\163\210\141\160\271}{subsection.1.3}% 5
\BOOKMARK [3][-]{subsubsection.1.3.2}{\376\377\127\372\147\054\121\215\165\037\145\160\000R\0000}{subsection.1.3}% 6
\BOOKMARK [1][-]{section.2}{\376\377\213\276\213\241\145\271\150\110\123\312\172\013\136\217\176\323\147\204}{}% 7
\BOOKMARK [2][-]{subsection.2.1}{\376\377\145\160\120\074\152\041\142\337\123\125\153\041\141\037\147\323\217\307\172\013}{section.2}% 8
\BOOKMARK [3][-]{subsubsection.2.1.1}{\376\377\122\033\136\372\162\066\174\173\000C\000e\000l\000l}{subsection.2.1}% 9
\BOOKMARK [3][-]{subsubsection.2.1.2}{\376\377\122\033\136\372\116\343\210\150\121\153\171\315\176\306\200\336\123\312\165\305\153\322\166\204\133\120\174\173}{subsection.2.1}% 10
\BOOKMARK [3][-]{subsubsection.2.1.3}{\376\377\133\236\117\213\123\026\121\153\171\315\133\120\174\173\136\166\220\020\153\145\213\241\173\227\123\125\153\041\141\037\147\323\217\307\172\013}{subsection.2.1}% 11
\BOOKMARK [2][-]{subsection.2.2}{\376\377\133\371\145\160\120\074\152\041\142\337\145\271\154\325\217\333\210\114\155\113\213\325}{section.2}% 12
\BOOKMARK [3][-]{subsubsection.2.2.1}{\376\377\155\113\213\325\000C\000e\000l\000l\000.\000R\0000\000\050\000\051\124\214\000a\000l\000l\000\137\000c\000e\000l\000l\000s\000\137\000p\000r\000o\000c\000e\000s\000s\000e\000s\000\050\000\051}{subsection.2.2}% 13
\BOOKMARK [3][-]{subsubsection.2.2.2}{\376\377\174\276\170\156\136\246\232\214\213\301}{subsection.2.2}% 14
\BOOKMARK [2][-]{subsection.2.3}{\376\377\213\241\173\227\176\330\126\376\142\100\165\050\145\160\143\156}{section.2}% 15
\BOOKMARK [3][-]{subsubsection.2.3.1}{\376\377\162\171\133\232\000p\000a\000r\000a\000m\000s\166\204\213\241\173\227}{subsection.2.3}% 16
\BOOKMARK [3][-]{subsubsection.2.3.2}{\376\377\116\015\124\014\147\141\116\366\116\013\141\037\147\323\217\307\172\013\166\204\213\241\173\227}{subsection.2.3}% 17
\BOOKMARK [3][-]{subsubsection.2.3.3}{\376\377\116\316\000'\000.\000x\000l\000s\000x\000'\145\207\116\366\116\055\213\373\123\326\145\160\143\156}{subsection.2.3}% 18
\BOOKMARK [2][-]{subsection.2.4}{\376\377\123\357\211\306\123\026\145\160\120\074\152\041\142\337\217\307\172\013\123\312\176\310\140\001}{section.2}% 19
\BOOKMARK [3][-]{subsubsection.2.4.1}{\376\377\000H\000I\000V\141\037\147\323\141\037\147\323\217\307\172\013\116\055\124\004\176\306\200\336\123\312\165\305\153\322\155\123\136\246\123\330\123\026\126\376}{subsection.2.4}% 20
\BOOKMARK [3][-]{subsubsection.2.4.2}{\376\377\141\037\147\323\176\310\140\001\116\016\000R\0000\121\163\174\373\126\376}{subsection.2.4}% 21
\BOOKMARK [3][-]{subsubsection.2.4.3}{\376\377\000R\0000\116\016\0001\000,\0002\121\163\174\373\126\376}{subsection.2.4}% 22
\BOOKMARK [3][-]{subsubsection.2.4.4}{\376\377\141\037\147\323\176\310\140\001\116\016\0001\000,\0002\121\163\174\373\126\376}{subsection.2.4}% 23
\BOOKMARK [3][-]{subsubsection.2.4.5}{\376\377\000R\0000\116\016\000R\000T\000,\000P\000I\121\163\174\373\126\376}{subsection.2.4}% 24
\BOOKMARK [3][-]{subsubsection.2.4.6}{\376\377\147\011\145\340\203\157\162\151\145\366\154\273\141\010\163\207\133\371\153\324\126\376}{subsection.2.4}% 25
\BOOKMARK [3][-]{subsubsection.2.4.7}{\376\377\201\352\161\066\147\141\116\366\116\013\154\273\141\010\163\207\116\016\203\157\145\110\121\163\174\373\126\376}{subsection.2.4}% 26
\BOOKMARK [1][-]{section.3}{\376\377\122\033\145\260\140\047}{}% 27
\BOOKMARK [2][-]{subsection.3.1}{\376\377\122\051\165\050\174\173\147\145\217\320\173\227\136\166\120\250\133\130\116\000\226\066\176\277\140\047\137\256\122\006\145\271\172\013\176\304}{section.3}% 28
\BOOKMARK [2][-]{subsection.3.2}{\376\377\122\051\165\050\000'\000.\000x\000l\000s\000x\000'\145\207\116\366\133\130\120\250\200\014\227\136\133\236\145\366\213\241\173\227\176\330\126\376\145\160\143\156}{section.3}% 29
\BOOKMARK [1][-]{section.4}{\376\377\217\320\210\114\145\271\154\325\124\214\123\302\145\160\213\276\177\156}{}% 30
\BOOKMARK [2][-]{subsection.4.1}{\376\377\217\320\210\114\145\271\154\325}{section.4}% 31
\BOOKMARK [2][-]{subsection.4.2}{\376\377\123\302\145\160\213\276\177\156}{section.4}% 32
\BOOKMARK [3][-]{subsubsection.4.2.1}{\376\377\176\330\122\066\124\004\176\306\200\336\123\312\165\305\153\322\155\123\136\246\123\330\123\026\126\376}{subsection.4.2}% 33
\BOOKMARK [3][-]{subsubsection.4.2.2}{\376\377\176\330\122\066\141\037\147\323\176\310\140\001\116\016\000R\0000\121\163\174\373\126\376}{subsection.4.2}% 34
\BOOKMARK [3][-]{subsubsection.4.2.3}{\376\377\176\330\122\066\000R\0000\116\016\0001\000,\0002\121\163\174\373\126\376}{subsection.4.2}% 35
\BOOKMARK [3][-]{subsubsection.4.2.4}{\376\377\176\330\122\066\141\037\147\323\176\310\140\001\116\016\0001\000,\0002\121\163\174\373\126\376}{subsection.4.2}% 36
\BOOKMARK [3][-]{subsubsection.4.2.5}{\376\377\176\330\122\066\000R\0000\116\016\000R\000T\000,\000P\000I\121\163\174\373\126\376}{subsection.4.2}% 37
\BOOKMARK [3][-]{subsubsection.4.2.6}{\376\377\176\330\122\066\147\011\145\340\203\157\162\151\145\366\154\273\141\010\163\207\133\371\153\324\126\376}{subsection.4.2}% 38
\BOOKMARK [3][-]{subsubsection.4.2.7}{\376\377\176\330\122\066\201\352\161\066\147\141\116\366\116\013\154\273\141\010\163\207\116\016\203\157\145\110\121\163\174\373\126\376}{subsection.4.2}% 39
\BOOKMARK [1][-]{section.5}{\376\377\133\146\116\140\137\303\137\227\124\214\145\066\203\267}{}% 40
