This is pdfTeX, Version 3.141592653-2.6-1.40.26 (MiKTeX 24.4) (preloaded format=pdflatex 2025.2.5)  22 FEB 2025 17:22
entering extended mode
 restricted \write18 enabled.
 file:line:error style messages enabled.
 %&-line parsing enabled.
**d:/000‰Ωú‰∏öÂèäÂ§ç‰π†ÊùêÊñô/ËÆ°ÁÆóÊú∫/python/Â§ß‰Ωú‰∏ö/HIV/main.tex
(d:/000‰Ωú‰∏öÂèäÂ§ç‰π†ÊùêÊñô/ËÆ°ÁÆóÊú∫/python/Â§ß‰Ωú‰∏ö/HIV/main.tex
LaTeX2e <2024-11-01> patch level 2
L3 programming layer <2025-01-18>
(D:\app\ctex\app_ctex\CTEX\MiKTeX\tex/latex/ctex\ctexart.cls (D:\app\ctex\app_ctex\CTEX\MiKTeX\tex/latex/ctex/config\ctexbackend.cfg
File: ctexbackend.cfg 2022/07/14 v2.5.10 Backend configuration file (CTEX)
) (D:\app\ctex\app_ctex\CTEX\MiKTeX\tex/latex/l3kernel\expl3.sty
Package: expl3 2025-01-18 L3 programming layer (loader) 
 (D:\app\ctex\app_ctex\CTEX\MiKTeX\tex/latex/l3backend\l3backend-pdftex.def
File: l3backend-pdftex.def 2024-05-08 L3 backend support: PDF output (pdfTeX)
\l__color_backend_stack_int=\count196
\l__pdf_internal_box=\box52
))
Document Class: ctexart 2022/07/14 v2.5.10 Chinese adapter for class article (CTEX)
(D:\app\ctex\app_ctex\CTEX\MiKTeX\tex/latex/ctex\ctexhook.sty
Package: ctexhook 2022/07/14 v2.5.10 Document and package hooks (CTEX)
) (D:\app\ctex\app_ctex\CTEX\MiKTeX\tex/latex/ctex\ctexpatch.sty
Package: ctexpatch 2022/07/14 v2.5.10 Patching commands (CTEX)
) (D:\app\ctex\app_ctex\CTEX\MiKTeX\tex/latex/base\fix-cm.sty
Package: fix-cm 2020/11/24 v1.1t fixes to LaTeX
 (D:\app\ctex\app_ctex\CTEX\MiKTeX\tex/latex/base\ts1enc.def
File: ts1enc.def 2001/06/05 v3.0e (jk/car/fm) Standard LaTeX file
LaTeX Font Info:    Redeclaring font encoding TS1 on input line 47.
))
\l__ctex_tmp_int=\count197
\l__ctex_tmp_box=\box53
\l__ctex_tmp_dim=\dimen141
\g__ctex_section_depth_int=\count198
\g__ctex_font_size_int=\count199
 (D:\app\ctex\app_ctex\CTEX\CTeX\tex/latex/ctex/cfg\ctexopts.cfg)

Class ctexart Warning: UTF8 will be used as the default encoding.

(D:\app\ctex\app_ctex\CTEX\MiKTeX\tex/latex/base\article.cls
Document Class: article 2024/06/29 v1.4n Standard LaTeX document class
(D:\app\ctex\app_ctex\CTEX\MiKTeX\tex/latex/base\size10.clo
File: size10.clo 2024/06/29 v1.4n Standard LaTeX file (size option)
)
\c@part=\count266
\c@section=\count267
\c@subsection=\count268
\c@subsubsection=\count269
\c@paragraph=\count270
\c@subparagraph=\count271
\c@figure=\count272
\c@table=\count273
\abovecaptionskip=\skip49
\belowcaptionskip=\skip50
\bibindent=\dimen142
) (D:\app\ctex\app_ctex\CTEX\MiKTeX\tex/latex/ctex/engine\ctex-engine-pdftex.def
File: ctex-engine-pdftex.def 2022/07/14 v2.5.10 (pdf)LaTeX adapter (CTEX)
 (D:\app\ctex\app_ctex\CTEX\MiKTeX\tex/latex/cjk\CJKutf8.sty
Package: CJKutf8 2021/10/16 4.8.5
 (D:\app\ctex\app_ctex\CTEX\MiKTeX\tex/generic/iftex\ifpdf.sty
Package: ifpdf 2019/10/25 v3.4 ifpdf legacy package. Use iftex instead.
 (D:\app\ctex\app_ctex\CTEX\MiKTeX\tex/generic/iftex\iftex.sty
Package: iftex 2024/12/12 v1.0g TeX engine tests
)) (D:\app\ctex\app_ctex\CTEX\MiKTeX\tex/latex/base\inputenc.sty
Package: inputenc 2024/02/08 v1.3d Input encoding file
\inpenc@prehook=\toks17
\inpenc@posthook=\toks18
) (D:\app\ctex\app_ctex\CTEX\MiKTeX\tex/latex/cjk\CJK.sty
Package: CJK 2021/10/16 4.8.5
 (D:\app\ctex\app_ctex\CTEX\MiKTeX\tex/latex/cjk/mule\MULEenc.sty
Package: MULEenc 2021/10/16 4.8.5
) (D:\app\ctex\app_ctex\CTEX\MiKTeX\tex/latex/cjk\CJK.enc
File: CJK.enc 2021/10/16 4.8.5
Now handling font encoding C00 ...
... no UTF-8 mapping file for font encoding C00
Now handling font encoding C05 ...
... no UTF-8 mapping file for font encoding C05
Now handling font encoding C09 ...
... no UTF-8 mapping file for font encoding C09
Now handling font encoding C10 ...
... no UTF-8 mapping file for font encoding C10
Now handling font encoding C20 ...
... no UTF-8 mapping file for font encoding C20
Now handling font encoding C19 ...
... no UTF-8 mapping file for font encoding C19
Now handling font encoding C40 ...
... no UTF-8 mapping file for font encoding C40
Now handling font encoding C42 ...
... no UTF-8 mapping file for font encoding C42
Now handling font encoding C43 ...
... no UTF-8 mapping file for font encoding C43
Now handling font encoding C50 ...
... no UTF-8 mapping file for font encoding C50
Now handling font encoding C52 ...
... no UTF-8 mapping file for font encoding C52
Now handling font encoding C49 ...
... no UTF-8 mapping file for font encoding C49
Now handling font encoding C60 ...
... no UTF-8 mapping file for font encoding C60
Now handling font encoding C61 ...
... no UTF-8 mapping file for font encoding C61
Now handling font encoding C63 ...
... no UTF-8 mapping file for font encoding C63
Now handling font encoding C64 ...
... no UTF-8 mapping file for font encoding C64
Now handling font encoding C65 ...
... no UTF-8 mapping file for font encoding C65
Now handling font encoding C70 ...
... no UTF-8 mapping file for font encoding C70
Now handling font encoding C31 ...
... no UTF-8 mapping file for font encoding C31
Now handling font encoding C32 ...
... no UTF-8 mapping file for font encoding C32
Now handling font encoding C33 ...
... no UTF-8 mapping file for font encoding C33
Now handling font encoding C34 ...
... no UTF-8 mapping file for font encoding C34
Now handling font encoding C35 ...
... no UTF-8 mapping file for font encoding C35
Now handling font encoding C36 ...
... no UTF-8 mapping file for font encoding C36
Now handling font encoding C37 ...
... no UTF-8 mapping file for font encoding C37
Now handling font encoding C80 ...
... no UTF-8 mapping file for font encoding C80
Now handling font encoding C81 ...
... no UTF-8 mapping file for font encoding C81
Now handling font encoding C01 ...
... no UTF-8 mapping file for font encoding C01
Now handling font encoding C11 ...
... no UTF-8 mapping file for font encoding C11
Now handling font encoding C21 ...
... no UTF-8 mapping file for font encoding C21
Now handling font encoding C41 ...
... no UTF-8 mapping file for font encoding C41
Now handling font encoding C62 ...
... no UTF-8 mapping file for font encoding C62
)
\CJK@indent=\box54
) (D:\app\ctex\app_ctex\CTEX\MiKTeX\tex/latex/base\fontenc.sty
Package: fontenc 2021/04/29 v2.0v Standard LaTeX package
)) (D:\app\ctex\app_ctex\CTEX\MiKTeX\tex/latex/cjkpunct\CJKpunct.sty
Package: CJKpunct 2016/05/14 4.8.4
\CJKpunct@cnta=\count274
\CJKpunct@cntb=\count275
\CJKpunct@cntc=\count276
\CJKpunct@cntd=\count277
\CJKpunct@cnte=\count278
   defining Unicode char U+2018 (decimal 8216)
   defining Unicode char U+2019 (decimal 8217)
   defining Unicode char U+201C (decimal 8220)
   defining Unicode char U+201D (decimal 8221)
   defining Unicode char U+2014 (decimal 8212)
   defining Unicode char U+2026 (decimal 8230)
 (D:\app\ctex\app_ctex\CTEX\MiKTeX\tex/latex/cjkpunct\CJKpunct.spa)) (D:\app\ctex\app_ctex\CTEX\MiKTeX\tex/latex/cjk\CJKspace.sty
Package: CJKspace 2021/10/16 3.8.0
) (D:\app\ctex\app_ctex\CTEX\MiKTeX\tex/latex/cjk/UTF8\UTF8.bdg
File: UTF8.bdg 2021/10/16 4.8.5
) (D:\app\ctex\app_ctex\CTEX\MiKTeX\tex/latex/ctex\ctexspa.def
File: ctexspa.def 2022/07/14 v2.5.10 Space info for CJKpunct (CTEX)
)
\ccwd=\dimen143
\l__ctex_ccglue_skip=\skip51
)
\l__ctex_ziju_dim=\dimen144
 (D:\app\ctex\app_ctex\CTEX\MiKTeX\tex/latex/zhnumber\zhnumber.sty
Package: zhnumber 2022/07/14 v3.0 Typesetting numbers with Chinese glyphs
\l__zhnum_scale_int=\count279
\l__zhnum_tmp_int=\count280
 (D:\app\ctex\app_ctex\CTEX\MiKTeX\tex/latex/zhnumber\zhnumber-utf8.cfg
File: zhnumber-utf8.cfg 2022/07/14 v3.0 Chinese numerals with UTF8 encoding
))
\l__ctex_heading_skip=\skip52
 (D:\app\ctex\app_ctex\CTEX\MiKTeX\tex/latex/ctex/scheme\ctex-scheme-chinese-article.def
File: ctex-scheme-chinese-article.def 2022/07/14 v2.5.10 Chinese scheme for article (CTEX)
 (D:\app\ctex\app_ctex\CTEX\MiKTeX\tex/latex/ctex/config\ctex-name-utf8.cfg
File: ctex-name-utf8.cfg 2022/07/14 v2.5.10 Caption with encoding UTF-8 (CTEX)
)) (D:\app\ctex\app_ctex\CTEX\MiKTeX\tex/latex/ctex\ctex-c5size.clo
File: ctex-c5size.clo 2022/07/14 v2.5.10 c5size option (CTEX)
) (D:\app\ctex\app_ctex\CTEX\MiKTeX\tex/latex/ctex/fontset\ctex-fontset-windows.def
File: ctex-fontset-windows.def 2022/07/14 v2.5.10 Windows fonts definition (CTEX)
)) (D:\app\ctex\app_ctex\CTEX\MiKTeX\tex/latex/ctex/config\ctex.cfg
File: ctex.cfg 2022/07/14 v2.5.10 Configuration file (CTEX)
) (D:\app\ctex\app_ctex\CTEX\MiKTeX\tex/latex/geometry\geometry.sty
Package: geometry 2020/01/02 v5.9 Page Geometry
 (D:\app\ctex\app_ctex\CTEX\MiKTeX\tex/latex/graphics\keyval.sty
Package: keyval 2022/05/29 v1.15 key=value parser (DPC)
\KV@toks@=\toks19
) (D:\app\ctex\app_ctex\CTEX\MiKTeX\tex/generic/iftex\ifvtex.sty
Package: ifvtex 2019/10/25 v1.7 ifvtex legacy package. Use iftex instead.
)
\Gm@cnth=\count281
\Gm@cntv=\count282
\c@Gm@tempcnt=\count283
\Gm@bindingoffset=\dimen145
\Gm@wd@mp=\dimen146
\Gm@odd@mp=\dimen147
\Gm@even@mp=\dimen148
\Gm@layoutwidth=\dimen149
\Gm@layoutheight=\dimen150
\Gm@layouthoffset=\dimen151
\Gm@layoutvoffset=\dimen152
\Gm@dimlist=\toks20
 (D:\app\ctex\app_ctex\CTEX\MiKTeX\tex/latex/geometry\geometry.cfg)) (D:\app\ctex\app_ctex\CTEX\MiKTeX\tex/latex/setspace\setspace.sty
Package: setspace 2022/12/04 v6.7b set line spacing
) (D:\app\ctex\app_ctex\CTEX\MiKTeX\tex/latex/graphics\graphicx.sty
Package: graphicx 2021/09/16 v1.2d Enhanced LaTeX Graphics (DPC,SPQR)
 (D:\app\ctex\app_ctex\CTEX\MiKTeX\tex/latex/graphics\graphics.sty
Package: graphics 2024/08/06 v1.4g Standard LaTeX Graphics (DPC,SPQR)
 (D:\app\ctex\app_ctex\CTEX\MiKTeX\tex/latex/graphics\trig.sty
Package: trig 2023/12/02 v1.11 sin cos tan (DPC)
) (D:\app\ctex\app_ctex\CTEX\MiKTeX\tex/latex/graphics-cfg\graphics.cfg
File: graphics.cfg 2016/06/04 v1.11 sample graphics configuration
)
Package graphics Info: Driver file: pdftex.def on input line 106.
 (D:\app\ctex\app_ctex\CTEX\MiKTeX\tex/latex/graphics-def\pdftex.def
File: pdftex.def 2024/04/13 v1.2c Graphics/color driver for pdftex
))
\Gin@req@height=\dimen153
\Gin@req@width=\dimen154
) (D:\app\ctex\app_ctex\CTEX\MiKTeX\tex/latex/tools\tabularx.sty
Package: tabularx 2023/12/11 v2.12a `tabularx' package (DPC)
 (D:\app\ctex\app_ctex\CTEX\MiKTeX\tex/latex/tools\array.sty
Package: array 2024/10/17 v2.6g Tabular extension package (FMi)
\col@sep=\dimen155
\ar@mcellbox=\box55
\extrarowheight=\dimen156
\NC@list=\toks21
\extratabsurround=\skip53
\backup@length=\skip54
\ar@cellbox=\box56
)
\TX@col@width=\dimen157
\TX@old@table=\dimen158
\TX@old@col=\dimen159
\TX@target=\dimen160
\TX@delta=\dimen161
\TX@cols=\count284
\TX@ftn=\toks22
) (D:\app\ctex\app_ctex\CTEX\MiKTeX\tex/latex/caption\caption.sty
Package: caption 2023/08/05 v3.6o Customizing captions (AR)
 (D:\app\ctex\app_ctex\CTEX\MiKTeX\tex/latex/caption\caption3.sty
Package: caption3 2023/07/31 v2.4d caption3 kernel (AR)
\caption@tempdima=\dimen162
\captionmargin=\dimen163
\caption@leftmargin=\dimen164
\caption@rightmargin=\dimen165
\caption@width=\dimen166
\caption@indent=\dimen167
\caption@parindent=\dimen168
\caption@hangindent=\dimen169
Package caption Info: Standard document class detected.
)
\c@caption@flags=\count285
\c@continuedfloat=\count286
) (D:\app\ctex\app_ctex\CTEX\MiKTeX\tex/latex/tools\indentfirst.sty
Package: indentfirst 2023/07/02 v1.03 Indent first paragraph (DPC)
) (D:\app\ctex\app_ctex\CTEX\MiKTeX\tex/latex/titling\titling.sty
Package: titling 2009/09/04 v2.1d maketitle typesetting
\thanksmarkwidth=\skip55
\thanksmargin=\skip56
\droptitle=\skip57
) (D:\app\ctex\app_ctex\CTEX\MiKTeX\tex/latex/multirow\multirow.sty
Package: multirow 2024/11/12 v2.9 Span multiple rows of a table
\multirow@colwidth=\skip58
\multirow@cntb=\count287
\multirow@dima=\skip59
\bigstrutjot=\dimen170
) (D:\app\ctex\app_ctex\CTEX\MiKTeX\tex/latex/diagbox\diagbox.sty
Package: diagbox 2020/02/09 v2.3 Making table heads with diagonal lines
 (D:\app\ctex\app_ctex\CTEX\MiKTeX\tex/latex/pict2e\pict2e.sty
Package: pict2e 2020/09/30 v0.4b Improved picture commands (HjG,RN,JT)
 (D:\app\ctex\app_ctex\CTEX\MiKTeX\tex/latex/pict2e\pict2e.cfg
File: pict2e.cfg 2016/02/05 v0.1u pict2e configuration for teTeX/TeXLive
)
Package pict2e Info: Driver file: pdftex.def on input line 112.
Package pict2e Info: Driver file for pict2e: p2e-pdftex.def on input line 114.
 (D:\app\ctex\app_ctex\CTEX\MiKTeX\tex/latex/pict2e\p2e-pdftex.def
File: p2e-pdftex.def 2016/02/05 v0.1u Driver-dependant file (RN,HjG,JT)
)
\pIIe@GRAPH=\toks23
\@arclen=\dimen171
\@arcrad=\dimen172
\pIIe@tempdima=\dimen173
\pIIe@tempdimb=\dimen174
\pIIe@tempdimc=\dimen175
\pIIe@tempdimd=\dimen176
\pIIe@tempdime=\dimen177
\pIIe@tempdimf=\dimen178
) (D:\app\ctex\app_ctex\CTEX\MiKTeX\tex/latex/tools\calc.sty
Package: calc 2023/07/08 v4.3 Infix arithmetic (KKT,FJ)
\calc@Acount=\count288
\calc@Bcount=\count289
\calc@Adimen=\dimen179
\calc@Bdimen=\dimen180
\calc@Askip=\skip60
\calc@Bskip=\skip61
LaTeX Info: Redefining \setlength on input line 80.
LaTeX Info: Redefining \addtolength on input line 81.
\calc@Ccount=\count290
\calc@Cskip=\skip62
)
\diagbox@boxa=\box57
\diagbox@boxb=\box58
\diagbox@boxm=\box59
\diagbox@wd=\dimen181
\diagbox@ht=\dimen182
\diagbox@insepl=\dimen183
\diagbox@insepr=\dimen184
\diagbox@outsepl=\dimen185
\diagbox@outsepr=\dimen186
) (D:\app\ctex\app_ctex\CTEX\MiKTeX\tex/latex/pgf/frontendlayer\tikz.sty (D:\app\ctex\app_ctex\CTEX\MiKTeX\tex/latex/pgf/basiclayer\pgf.sty (D:\app\ctex\app_ctex\CTEX\MiKTeX\tex/latex/pgf/utilities\pgfrcs.sty (D:\app\ctex\app_ctex\CTEX\MiKTeX\tex/generic/pgf/utilities\pgfutil-common.tex
\pgfutil@everybye=\toks24
\pgfutil@tempdima=\dimen187
\pgfutil@tempdimb=\dimen188
) (D:\app\ctex\app_ctex\CTEX\MiKTeX\tex/generic/pgf/utilities\pgfutil-latex.def
\pgfutil@abb=\box60
) (D:\app\ctex\app_ctex\CTEX\MiKTeX\tex/generic/pgf/utilities\pgfrcs.code.tex (D:\app\ctex\app_ctex\CTEX\MiKTeX\tex/generic/pgf\pgf.revision.tex)
Package: pgfrcs 2023-01-15 v3.1.10 (3.1.10)
))
Package: pgf 2023-01-15 v3.1.10 (3.1.10)
 (D:\app\ctex\app_ctex\CTEX\MiKTeX\tex/latex/pgf/basiclayer\pgfcore.sty (D:\app\ctex\app_ctex\CTEX\MiKTeX\tex/latex/pgf/systemlayer\pgfsys.sty (D:\app\ctex\app_ctex\CTEX\MiKTeX\tex/generic/pgf/systemlayer\pgfsys.code.tex
Package: pgfsys 2023-01-15 v3.1.10 (3.1.10)
 (D:\app\ctex\app_ctex\CTEX\MiKTeX\tex/generic/pgf/utilities\pgfkeys.code.tex
\pgfkeys@pathtoks=\toks25
\pgfkeys@temptoks=\toks26
 (D:\app\ctex\app_ctex\CTEX\MiKTeX\tex/generic/pgf/utilities\pgfkeyslibraryfiltered.code.tex
\pgfkeys@tmptoks=\toks27
))
\pgf@x=\dimen189
\pgf@y=\dimen190
\pgf@xa=\dimen191
\pgf@ya=\dimen192
\pgf@xb=\dimen193
\pgf@yb=\dimen194
\pgf@xc=\dimen195
\pgf@yc=\dimen196
\pgf@xd=\dimen197
\pgf@yd=\dimen198
\w@pgf@writea=\write3
\r@pgf@reada=\read2
\c@pgf@counta=\count291
\c@pgf@countb=\count292
\c@pgf@countc=\count293
\c@pgf@countd=\count294
\t@pgf@toka=\toks28
\t@pgf@tokb=\toks29
\t@pgf@tokc=\toks30
\pgf@sys@id@count=\count295
 (D:\app\ctex\app_ctex\CTEX\MiKTeX\tex/generic/pgf/systemlayer\pgf.cfg
File: pgf.cfg 2023-01-15 v3.1.10 (3.1.10)
)
Driver file for pgf: pgfsys-pdftex.def
 (D:\app\ctex\app_ctex\CTEX\MiKTeX\tex/generic/pgf/systemlayer\pgfsys-pdftex.def
File: pgfsys-pdftex.def 2023-01-15 v3.1.10 (3.1.10)
 (D:\app\ctex\app_ctex\CTEX\MiKTeX\tex/generic/pgf/systemlayer\pgfsys-common-pdf.def
File: pgfsys-common-pdf.def 2023-01-15 v3.1.10 (3.1.10)
))) (D:\app\ctex\app_ctex\CTEX\MiKTeX\tex/generic/pgf/systemlayer\pgfsyssoftpath.code.tex
File: pgfsyssoftpath.code.tex 2023-01-15 v3.1.10 (3.1.10)
\pgfsyssoftpath@smallbuffer@items=\count296
\pgfsyssoftpath@bigbuffer@items=\count297
) (D:\app\ctex\app_ctex\CTEX\MiKTeX\tex/generic/pgf/systemlayer\pgfsysprotocol.code.tex
File: pgfsysprotocol.code.tex 2023-01-15 v3.1.10 (3.1.10)
)) (D:\app\ctex\app_ctex\CTEX\MiKTeX\tex/latex/xcolor\xcolor.sty
Package: xcolor 2024/09/29 v3.02 LaTeX color extensions (UK)
 (D:\app\ctex\app_ctex\CTEX\MiKTeX\tex/latex/graphics-cfg\color.cfg
File: color.cfg 2016/01/02 v1.6 sample color configuration
)
Package xcolor Info: Driver file: pdftex.def on input line 274.
 (D:\app\ctex\app_ctex\CTEX\MiKTeX\tex/latex/graphics\mathcolor.ltx)
Package xcolor Info: Model `cmy' substituted by `cmy0' on input line 1349.
Package xcolor Info: Model `hsb' substituted by `rgb' on input line 1353.
Package xcolor Info: Model `RGB' extended on input line 1365.
Package xcolor Info: Model `HTML' substituted by `rgb' on input line 1367.
Package xcolor Info: Model `Hsb' substituted by `hsb' on input line 1368.
Package xcolor Info: Model `tHsb' substituted by `hsb' on input line 1369.
Package xcolor Info: Model `HSB' substituted by `hsb' on input line 1370.
Package xcolor Info: Model `Gray' substituted by `gray' on input line 1371.
Package xcolor Info: Model `wave' substituted by `hsb' on input line 1372.
) (D:\app\ctex\app_ctex\CTEX\MiKTeX\tex/generic/pgf/basiclayer\pgfcore.code.tex
Package: pgfcore 2023-01-15 v3.1.10 (3.1.10)
 (D:\app\ctex\app_ctex\CTEX\MiKTeX\tex/generic/pgf/math\pgfmath.code.tex (D:\app\ctex\app_ctex\CTEX\MiKTeX\tex/generic/pgf/math\pgfmathutil.code.tex) (D:\app\ctex\app_ctex\CTEX\MiKTeX\tex/generic/pgf/math\pgfmathparser.code.tex
\pgfmath@dimen=\dimen199
\pgfmath@count=\count298
\pgfmath@box=\box61
\pgfmath@toks=\toks31
\pgfmath@stack@operand=\toks32
\pgfmath@stack@operation=\toks33
) (D:\app\ctex\app_ctex\CTEX\MiKTeX\tex/generic/pgf/math\pgfmathfunctions.code.tex) (D:\app\ctex\app_ctex\CTEX\MiKTeX\tex/generic/pgf/math\pgfmathfunctions.basic.code.tex) (D:\app\ctex\app_ctex\CTEX\MiKTeX\tex/generic/pgf/math\pgfmathfunctions.trigonometric.code.tex) (D:\app\ctex\app_ctex\CTEX\MiKTeX\tex/generic/pgf/math\pgfmathfunctions.random.code.tex) (D:\app\ctex\app_ctex\CTEX\MiKTeX\tex/generic/pgf/math\pgfmathfunctions.comparison.code.tex) (D:\app\ctex\app_ctex\CTEX\MiKTeX\tex/generic/pgf/math\pgfmathfunctions.base.code.tex) (D:\app\ctex\app_ctex\CTEX\MiKTeX\tex/generic/pgf/math\pgfmathfunctions.round.code.tex) (D:\app\ctex\app_ctex\CTEX\MiKTeX\tex/generic/pgf/math\pgfmathfunctions.misc.code.tex) (D:\app\ctex\app_ctex\CTEX\MiKTeX\tex/generic/pgf/math\pgfmathfunctions.integerarithmetics.code.tex) (D:\app\ctex\app_ctex\CTEX\MiKTeX\tex/generic/pgf/math\pgfmathcalc.code.tex) (D:\app\ctex\app_ctex\CTEX\MiKTeX\tex/generic/pgf/math\pgfmathfloat.code.tex
\c@pgfmathroundto@lastzeros=\count299
)) (D:\app\ctex\app_ctex\CTEX\MiKTeX\tex/generic/pgf/math\pgfint.code.tex) (D:\app\ctex\app_ctex\CTEX\MiKTeX\tex/generic/pgf/basiclayer\pgfcorepoints.code.tex
File: pgfcorepoints.code.tex 2023-01-15 v3.1.10 (3.1.10)
\pgf@picminx=\dimen256
\pgf@picmaxx=\dimen257
\pgf@picminy=\dimen258
\pgf@picmaxy=\dimen259
\pgf@pathminx=\dimen260
\pgf@pathmaxx=\dimen261
\pgf@pathminy=\dimen262
\pgf@pathmaxy=\dimen263
\pgf@xx=\dimen264
\pgf@xy=\dimen265
\pgf@yx=\dimen266
\pgf@yy=\dimen267
\pgf@zx=\dimen268
\pgf@zy=\dimen269
) (D:\app\ctex\app_ctex\CTEX\MiKTeX\tex/generic/pgf/basiclayer\pgfcorepathconstruct.code.tex
File: pgfcorepathconstruct.code.tex 2023-01-15 v3.1.10 (3.1.10)
\pgf@path@lastx=\dimen270
\pgf@path@lasty=\dimen271
) (D:\app\ctex\app_ctex\CTEX\MiKTeX\tex/generic/pgf/basiclayer\pgfcorepathusage.code.tex
File: pgfcorepathusage.code.tex 2023-01-15 v3.1.10 (3.1.10)
\pgf@shorten@end@additional=\dimen272
\pgf@shorten@start@additional=\dimen273
) (D:\app\ctex\app_ctex\CTEX\MiKTeX\tex/generic/pgf/basiclayer\pgfcorescopes.code.tex
File: pgfcorescopes.code.tex 2023-01-15 v3.1.10 (3.1.10)
\pgfpic=\box62
\pgf@hbox=\box63
\pgf@layerbox@main=\box64
\pgf@picture@serial@count=\count300
) (D:\app\ctex\app_ctex\CTEX\MiKTeX\tex/generic/pgf/basiclayer\pgfcoregraphicstate.code.tex
File: pgfcoregraphicstate.code.tex 2023-01-15 v3.1.10 (3.1.10)
\pgflinewidth=\dimen274
) (D:\app\ctex\app_ctex\CTEX\MiKTeX\tex/generic/pgf/basiclayer\pgfcoretransformations.code.tex
File: pgfcoretransformations.code.tex 2023-01-15 v3.1.10 (3.1.10)
\pgf@pt@x=\dimen275
\pgf@pt@y=\dimen276
\pgf@pt@temp=\dimen277
) (D:\app\ctex\app_ctex\CTEX\MiKTeX\tex/generic/pgf/basiclayer\pgfcorequick.code.tex
File: pgfcorequick.code.tex 2023-01-15 v3.1.10 (3.1.10)
) (D:\app\ctex\app_ctex\CTEX\MiKTeX\tex/generic/pgf/basiclayer\pgfcoreobjects.code.tex
File: pgfcoreobjects.code.tex 2023-01-15 v3.1.10 (3.1.10)
) (D:\app\ctex\app_ctex\CTEX\MiKTeX\tex/generic/pgf/basiclayer\pgfcorepathprocessing.code.tex
File: pgfcorepathprocessing.code.tex 2023-01-15 v3.1.10 (3.1.10)
) (D:\app\ctex\app_ctex\CTEX\MiKTeX\tex/generic/pgf/basiclayer\pgfcorearrows.code.tex
File: pgfcorearrows.code.tex 2023-01-15 v3.1.10 (3.1.10)
\pgfarrowsep=\dimen278
) (D:\app\ctex\app_ctex\CTEX\MiKTeX\tex/generic/pgf/basiclayer\pgfcoreshade.code.tex
File: pgfcoreshade.code.tex 2023-01-15 v3.1.10 (3.1.10)
\pgf@max=\dimen279
\pgf@sys@shading@range@num=\count301
\pgf@shadingcount=\count302
) (D:\app\ctex\app_ctex\CTEX\MiKTeX\tex/generic/pgf/basiclayer\pgfcoreimage.code.tex
File: pgfcoreimage.code.tex 2023-01-15 v3.1.10 (3.1.10)
) (D:\app\ctex\app_ctex\CTEX\MiKTeX\tex/generic/pgf/basiclayer\pgfcoreexternal.code.tex
File: pgfcoreexternal.code.tex 2023-01-15 v3.1.10 (3.1.10)
\pgfexternal@startupbox=\box65
) (D:\app\ctex\app_ctex\CTEX\MiKTeX\tex/generic/pgf/basiclayer\pgfcorelayers.code.tex
File: pgfcorelayers.code.tex 2023-01-15 v3.1.10 (3.1.10)
) (D:\app\ctex\app_ctex\CTEX\MiKTeX\tex/generic/pgf/basiclayer\pgfcoretransparency.code.tex
File: pgfcoretransparency.code.tex 2023-01-15 v3.1.10 (3.1.10)
) (D:\app\ctex\app_ctex\CTEX\MiKTeX\tex/generic/pgf/basiclayer\pgfcorepatterns.code.tex
File: pgfcorepatterns.code.tex 2023-01-15 v3.1.10 (3.1.10)
) (D:\app\ctex\app_ctex\CTEX\MiKTeX\tex/generic/pgf/basiclayer\pgfcorerdf.code.tex
File: pgfcorerdf.code.tex 2023-01-15 v3.1.10 (3.1.10)
))) (D:\app\ctex\app_ctex\CTEX\MiKTeX\tex/generic/pgf/modules\pgfmoduleshapes.code.tex
File: pgfmoduleshapes.code.tex 2023-01-15 v3.1.10 (3.1.10)
\pgfnodeparttextbox=\box66
) (D:\app\ctex\app_ctex\CTEX\MiKTeX\tex/generic/pgf/modules\pgfmoduleplot.code.tex
File: pgfmoduleplot.code.tex 2023-01-15 v3.1.10 (3.1.10)
) (D:\app\ctex\app_ctex\CTEX\MiKTeX\tex/latex/pgf/compatibility\pgfcomp-version-0-65.sty
Package: pgfcomp-version-0-65 2023-01-15 v3.1.10 (3.1.10)
\pgf@nodesepstart=\dimen280
\pgf@nodesepend=\dimen281
) (D:\app\ctex\app_ctex\CTEX\MiKTeX\tex/latex/pgf/compatibility\pgfcomp-version-1-18.sty
Package: pgfcomp-version-1-18 2023-01-15 v3.1.10 (3.1.10)
)) (D:\app\ctex\app_ctex\CTEX\MiKTeX\tex/latex/pgf/utilities\pgffor.sty (D:\app\ctex\app_ctex\CTEX\MiKTeX\tex/latex/pgf/utilities\pgfkeys.sty (D:\app\ctex\app_ctex\CTEX\MiKTeX\tex/generic/pgf/utilities\pgfkeys.code.tex)) (D:\app\ctex\app_ctex\CTEX\MiKTeX\tex/latex/pgf/math\pgfmath.sty (D:\app\ctex\app_ctex\CTEX\MiKTeX\tex/generic/pgf/math\pgfmath.code.tex)) (D:\app\ctex\app_ctex\CTEX\MiKTeX\tex/generic/pgf/utilities\pgffor.code.tex
Package: pgffor 2023-01-15 v3.1.10 (3.1.10)
\pgffor@iter=\dimen282
\pgffor@skip=\dimen283
\pgffor@stack=\toks34
\pgffor@toks=\toks35
)) (D:\app\ctex\app_ctex\CTEX\MiKTeX\tex/generic/pgf/frontendlayer/tikz\tikz.code.tex
Package: tikz 2023-01-15 v3.1.10 (3.1.10)
 (D:\app\ctex\app_ctex\CTEX\MiKTeX\tex/generic/pgf/libraries\pgflibraryplothandlers.code.tex
File: pgflibraryplothandlers.code.tex 2023-01-15 v3.1.10 (3.1.10)
\pgf@plot@mark@count=\count303
\pgfplotmarksize=\dimen284
)
\tikz@lastx=\dimen285
\tikz@lasty=\dimen286
\tikz@lastxsaved=\dimen287
\tikz@lastysaved=\dimen288
\tikz@lastmovetox=\dimen289
\tikz@lastmovetoy=\dimen290
\tikzleveldistance=\dimen291
\tikzsiblingdistance=\dimen292
\tikz@figbox=\box67
\tikz@figbox@bg=\box68
\tikz@tempbox=\box69
\tikz@tempbox@bg=\box70
\tikztreelevel=\count304
\tikznumberofchildren=\count305
\tikznumberofcurrentchild=\count306
\tikz@fig@count=\count307
 (D:\app\ctex\app_ctex\CTEX\MiKTeX\tex/generic/pgf/modules\pgfmodulematrix.code.tex
File: pgfmodulematrix.code.tex 2023-01-15 v3.1.10 (3.1.10)
\pgfmatrixcurrentrow=\count308
\pgfmatrixcurrentcolumn=\count309
\pgf@matrix@numberofcolumns=\count310
)
\tikz@expandcount=\count311
 (D:\app\ctex\app_ctex\CTEX\MiKTeX\tex/generic/pgf/frontendlayer/tikz/libraries\tikzlibrarytopaths.code.tex
File: tikzlibrarytopaths.code.tex 2023-01-15 v3.1.10 (3.1.10)
))) (D:\app\ctex\app_ctex\CTEX\MiKTeX\tex/latex/caption\subcaption.sty
Package: subcaption 2023/07/28 v1.6b Sub-captions (AR)
Package caption Info: New subtype `subfigure' on input line 238.
\c@subfigure=\count312
Package caption Info: New subtype `subtable' on input line 238.
\c@subtable=\count313
) (D:\app\ctex\app_ctex\CTEX\MiKTeX\tex/latex/float\float.sty
Package: float 2001/11/08 v1.3d Float enhancements (AL)
\c@float@type=\count314
\float@exts=\toks36
\float@box=\box71
\@float@everytoks=\toks37
\@floatcapt=\box72
) (D:\app\ctex\app_ctex\CTEX\MiKTeX\tex/latex/tools\multicol.sty
Package: multicol 2024/09/14 v1.9i multicolumn formatting (FMi)
\c@tracingmulticols=\count315
\mult@box=\box73
\multicol@leftmargin=\dimen293
\c@unbalance=\count316
\c@collectmore=\count317
\doublecol@number=\count318
\multicoltolerance=\count319
\multicolpretolerance=\count320
\full@width=\dimen294
\page@free=\dimen295
\premulticols=\dimen296
\postmulticols=\dimen297
\multicolsep=\skip63
\multicolbaselineskip=\skip64
\partial@page=\box74
\last@line=\box75
\mc@boxedresult=\box76
\maxbalancingoverflow=\dimen298
\mult@rightbox=\box77
\mult@grightbox=\box78
\mult@firstbox=\box79
\mult@gfirstbox=\box80
\@tempa=\box81
\@tempa=\box82
\@tempa=\box83
\@tempa=\box84
\@tempa=\box85
\@tempa=\box86
\@tempa=\box87
\@tempa=\box88
\@tempa=\box89
\@tempa=\box90
\@tempa=\box91
\@tempa=\box92
\@tempa=\box93
\@tempa=\box94
\@tempa=\box95
\@tempa=\box96
\@tempa=\box97
\@tempa=\box98
\@tempa=\box99
\@tempa=\box100
\@tempa=\box101
\@tempa=\box102
\@tempa=\box103
\@tempa=\box104
\@tempa=\box105
\@tempa=\box106
\@tempa=\box107
\@tempa=\box108
\@tempa=\box109
\@tempa=\box110
\@tempa=\box111
\@tempa=\box112
\@tempa=\box113
\@tempa=\box114
\@tempa=\box115
\@tempa=\box116
\c@minrows=\count321
\c@columnbadness=\count322
\c@finalcolumnbadness=\count323
\last@try=\dimen299
\multicolovershoot=\dimen300
\multicolundershoot=\dimen301
\mult@nat@firstbox=\box117
\colbreak@box=\box118
\mc@col@check@num=\count324
) (D:\app\ctex\app_ctex\CTEX\MiKTeX\tex/latex/blindtext\blindtext.sty
Package: blindtext 2012/01/06 V2.0 blindtext-Package
 (D:\app\ctex\app_ctex\CTEX\MiKTeX\tex/latex/tools\xspace.sty
Package: xspace 2014/10/28 v1.13 Space after command names (DPC,MH)
)
\c@blindtext=\count325
\c@Blindtext=\count326
\c@blind@countparstart=\count327
\blind@countxx=\count328
\blindtext@numBlindtext=\count329
\blind@countyy=\count330
\c@blindlist=\count331
\c@blindlistlevel=\count332
\c@blindlist@level=\count333
\blind@listitem=\count334
\c@blind@listcount=\count335
\c@blind@levelcount=\count336
\blind@mathformula=\count337
\blind@Mathformula=\count338
\c@blind@randomcount=\count339
\c@blind@randommax=\count340
\c@blind@pangramcount=\count341
\c@blind@pangrammax=\count342
) (D:\app\ctex\app_ctex\CTEX\MiKTeX\tex/latex/pdfpages\pdfpages.sty
Package: pdfpages 2025/01/30 v0.6e Insert pages of external PDF documents (AM)
 (D:\app\ctex\app_ctex\CTEX\MiKTeX\tex/latex/base\ifthen.sty
Package: ifthen 2024/03/16 v1.1e Standard LaTeX ifthen package (DPC)
) (D:\app\ctex\app_ctex\CTEX\MiKTeX\tex/latex/eso-pic\eso-pic.sty
Package: eso-pic 2023/05/03 v3.0c eso-pic (RN)
\ESO@tempdima=\dimen302
\ESO@tempdimb=\dimen303
) (D:\app\ctex\app_ctex\CTEX\MiKTeX\tex/latex/etoolbox\etoolbox.sty
Package: etoolbox 2020/10/05 v2.5k e-TeX tools for LaTeX (JAW)
\etb@tempcnta=\count343
)
\AM@pagewidth=\dimen304
\AM@pageheight=\dimen305
\AM@fboxrule=\dimen306
 (D:\app\ctex\app_ctex\CTEX\MiKTeX\tex/latex/pdfpages\pppdftex.def
File: pppdftex.def 2025/01/30 v0.6e Pdfpages driver for pdfTeX (AM)
)
\pdfpages@includegraphics@status=\count344
\AM@pagebox=\box119
\AM@global@opts=\toks38
\AM@pagecnt=\count345
\AM@toc@title=\toks39
\AM@lof@heading=\toks40
\c@AM@survey=\count346
\AM@templatesizebox=\box120
) (D:\app\ctex\app_ctex\CTEX\MiKTeX\tex/latex/hyperref\hyperref.sty
Package: hyperref 2024-11-05 v7.01l Hypertext links for LaTeX
 (D:\app\ctex\app_ctex\CTEX\MiKTeX\tex/latex/kvsetkeys\kvsetkeys.sty
Package: kvsetkeys 2022-10-05 v1.19 Key value parser (HO)
) (D:\app\ctex\app_ctex\CTEX\MiKTeX\tex/generic/kvdefinekeys\kvdefinekeys.sty
Package: kvdefinekeys 2019-12-19 v1.6 Define keys (HO)
) (D:\app\ctex\app_ctex\CTEX\MiKTeX\tex/generic/pdfescape\pdfescape.sty
Package: pdfescape 2019/12/09 v1.15 Implements pdfTeX's escape features (HO)
 (D:\app\ctex\app_ctex\CTEX\MiKTeX\tex/generic/ltxcmds\ltxcmds.sty
Package: ltxcmds 2023-12-04 v1.26 LaTeX kernel commands for general use (HO)
) (D:\app\ctex\app_ctex\CTEX\MiKTeX\tex/generic/pdftexcmds\pdftexcmds.sty
Package: pdftexcmds 2020-06-27 v0.33 Utility functions of pdfTeX for LuaTeX (HO)
 (D:\app\ctex\app_ctex\CTEX\MiKTeX\tex/generic/infwarerr\infwarerr.sty
Package: infwarerr 2019/12/03 v1.5 Providing info/warning/error messages (HO)
)
Package pdftexcmds Info: \pdf@primitive is available.
Package pdftexcmds Info: \pdf@ifprimitive is available.
Package pdftexcmds Info: \pdfdraftmode found.
)) (D:\app\ctex\app_ctex\CTEX\MiKTeX\tex/latex/hycolor\hycolor.sty
Package: hycolor 2020-01-27 v1.10 Color options for hyperref/bookmark (HO)
) (D:\app\ctex\app_ctex\CTEX\MiKTeX\tex/latex/hyperref\nameref.sty
Package: nameref 2023-11-26 v2.56 Cross-referencing by name of section
 (D:\app\ctex\app_ctex\CTEX\MiKTeX\tex/latex/refcount\refcount.sty
Package: refcount 2019/12/15 v3.6 Data extraction from label references (HO)
) (D:\app\ctex\app_ctex\CTEX\MiKTeX\tex/generic/gettitlestring\gettitlestring.sty
Package: gettitlestring 2019/12/15 v1.6 Cleanup title references (HO)
 (D:\app\ctex\app_ctex\CTEX\MiKTeX\tex/latex/kvoptions\kvoptions.sty
Package: kvoptions 2022-06-15 v3.15 Key value format for package options (HO)
))
\c@section@level=\count347
) (D:\app\ctex\app_ctex\CTEX\MiKTeX\tex/generic/stringenc\stringenc.sty
Package: stringenc 2019/11/29 v1.12 Convert strings between diff. encodings (HO)
)
\@linkdim=\dimen307
\Hy@linkcounter=\count348
\Hy@pagecounter=\count349

(D:\app\ctex\app_ctex\CTEX\MiKTeX\tex/latex/hyperref\pd1enc.def
File: pd1enc.def 2024-11-05 v7.01l Hyperref: PDFDocEncoding definition (HO)
Now handling font encoding PD1 ...
... no UTF-8 mapping file for font encoding PD1
) (D:\app\ctex\app_ctex\CTEX\MiKTeX\tex/generic/intcalc\intcalc.sty
Package: intcalc 2019/12/15 v1.3 Expandable calculations with integers (HO)
)
\Hy@SavedSpaceFactor=\count350
 (D:\app\ctex\app_ctex\CTEX\MiKTeX\tex/latex/hyperref\puenc.def
File: puenc.def 2024-11-05 v7.01l Hyperref: PDF Unicode definition (HO)
Now handling font encoding PU ...
... no UTF-8 mapping file for font encoding PU
)
Package hyperref Info: Option `unicode' set `true' on input line 4040.
Package hyperref Info: Hyper figures OFF on input line 4157.
Package hyperref Info: Link nesting OFF on input line 4162.
Package hyperref Info: Hyper index ON on input line 4165.
Package hyperref Info: Plain pages OFF on input line 4172.
Package hyperref Info: Backreferencing OFF on input line 4177.
Package hyperref Info: Implicit mode ON; LaTeX internals redefined.
Package hyperref Info: Bookmarks ON on input line 4424.
\c@Hy@tempcnt=\count351
 (D:\app\ctex\app_ctex\CTEX\MiKTeX\tex/latex/url\url.sty
\Urlmuskip=\muskip17
Package: url 2013/09/16  ver 3.4  Verb mode for urls, etc.
)
LaTeX Info: Redefining \url on input line 4763.
\XeTeXLinkMargin=\dimen308
 (D:\app\ctex\app_ctex\CTEX\MiKTeX\tex/generic/bitset\bitset.sty
Package: bitset 2019/12/09 v1.3 Handle bit-vector datatype (HO)
 (D:\app\ctex\app_ctex\CTEX\MiKTeX\tex/generic/bigintcalc\bigintcalc.sty
Package: bigintcalc 2019/12/15 v1.5 Expandable calculations on big integers (HO)
))
\Fld@menulength=\count352
\Field@Width=\dimen309
\Fld@charsize=\dimen310
Package hyperref Info: Hyper figures OFF on input line 6042.
Package hyperref Info: Link nesting OFF on input line 6047.
Package hyperref Info: Hyper index ON on input line 6050.
Package hyperref Info: backreferencing OFF on input line 6057.
Package hyperref Info: Link coloring OFF on input line 6062.
Package hyperref Info: Link coloring with OCG OFF on input line 6067.
Package hyperref Info: PDF/A mode OFF on input line 6072.
 (D:\app\ctex\app_ctex\CTEX\MiKTeX\tex/latex/base\atbegshi-ltx.sty
Package: atbegshi-ltx 2021/01/10 v1.0c Emulation of the original atbegshi
package with kernel methods
)
\Hy@abspage=\count353
\c@Item=\count354
\c@Hfootnote=\count355
)
Package hyperref Info: Driver (autodetected): hpdftex.
 (D:\app\ctex\app_ctex\CTEX\MiKTeX\tex/latex/hyperref\hpdftex.def
File: hpdftex.def 2024-11-05 v7.01l Hyperref driver for pdfTeX
 (D:\app\ctex\app_ctex\CTEX\MiKTeX\tex/latex/base\atveryend-ltx.sty
Package: atveryend-ltx 2020/08/19 v1.0a Emulation of the original atveryend package
with kernel methods
)
\Fld@listcount=\count356
\c@bookmark@seq@number=\count357
 (D:\app\ctex\app_ctex\CTEX\MiKTeX\tex/latex/rerunfilecheck\rerunfilecheck.sty
Package: rerunfilecheck 2022-07-10 v1.10 Rerun checks for auxiliary files (HO)
 (D:\app\ctex\app_ctex\CTEX\MiKTeX\tex/generic/uniquecounter\uniquecounter.sty
Package: uniquecounter 2019/12/15 v1.4 Provide unlimited unique counter (HO)
)
Package uniquecounter Info: New unique counter `rerunfilecheck' on input line 285.
)
\Hy@SectionHShift=\skip65
) (D:\app\ctex\app_ctex\CTEX\MiKTeX\tex/latex/siunitx\siunitx.sty
Package: siunitx 2025-01-21 v3.4.4 A comprehensive (SI) units package
\l__siunitx_number_uncert_offset_int=\count358
\l__siunitx_number_exponent_fixed_int=\count359
\l__siunitx_number_min_decimal_int=\count360
\l__siunitx_number_min_integer_int=\count361
\l__siunitx_number_round_precision_int=\count362
\l__siunitx_number_lower_threshold_int=\count363
\l__siunitx_number_upper_threshold_int=\count364
\l__siunitx_number_group_first_int=\count365
\l__siunitx_number_group_size_int=\count366
\l__siunitx_number_group_minimum_int=\count367
\l__siunitx_angle_tmp_dim=\dimen311
\l__siunitx_angle_marker_box=\box121
\l__siunitx_angle_unit_box=\box122
\l__siunitx_compound_count_int=\count368
 (D:\app\ctex\app_ctex\CTEX\MiKTeX\tex/latex/translations\translations.sty
Package: translations 2022/02/05 v1.12 internationalization of LaTeX2e packages (CN)
) (D:\app\ctex\app_ctex\CTEX\MiKTeX\tex/latex/amsmath\amstext.sty
Package: amstext 2021/08/26 v2.01 AMS text
 (D:\app\ctex\app_ctex\CTEX\MiKTeX\tex/latex/amsmath\amsgen.sty
File: amsgen.sty 1999/11/30 v2.0 generic functions
\@emptytoks=\toks41
\ex@=\dimen312
))
\l__siunitx_table_tmp_box=\box123
\l__siunitx_table_tmp_dim=\dimen313
\l__siunitx_table_column_width_dim=\dimen314
\l__siunitx_table_integer_box=\box124
\l__siunitx_table_decimal_box=\box125
\l__siunitx_table_uncert_box=\box126
\l__siunitx_table_before_box=\box127
\l__siunitx_table_after_box=\box128
\l__siunitx_table_before_dim=\dimen315
\l__siunitx_table_carry_dim=\dimen316
\l__siunitx_unit_tmp_int=\count369
\l__siunitx_unit_position_int=\count370
\l__siunitx_unit_total_int=\count371
) (D:\app\ctex\app_ctex\CTEX\MiKTeX\tex/latex/base\textcomp.sty
Package: textcomp 2024/04/24 v2.1b Standard LaTeX package
) (D:\app\ctex\app_ctex\CTEX\MiKTeX\tex/latex/mathcomp\mathcomp.sty
Package: mathcomp 2001/01/07 v0.1f (TBo)
\symTC=\mathgroup4
LaTeX Font Info:    Overwriting symbol font `TC' in version `bold'
(Font)                  TS1/cmr/m/n --> TS1/cmr/bx/n on input line 25.
LaTeX Font Info:    Redeclaring math symbol \dagger on input line 47.
LaTeX Font Info:    Redeclaring math symbol \ddagger on input line 48.
) (D:\app\ctex\app_ctex\CTEX\MiKTeX\tex/latex/amsmath\amsmath.sty
Package: amsmath 2024/11/05 v2.17t AMS math features
\@mathmargin=\skip66

For additional information on amsmath, use the `?' option.
(D:\app\ctex\app_ctex\CTEX\MiKTeX\tex/latex/amsmath\amsbsy.sty
Package: amsbsy 1999/11/29 v1.2d Bold Symbols
\pmbraise@=\dimen317
) (D:\app\ctex\app_ctex\CTEX\MiKTeX\tex/latex/amsmath\amsopn.sty
Package: amsopn 2022/04/08 v2.04 operator names
)
\inf@bad=\count372
LaTeX Info: Redefining \frac on input line 233.
\uproot@=\count373
\leftroot@=\count374
LaTeX Info: Redefining \overline on input line 398.
LaTeX Info: Redefining \colon on input line 409.
\classnum@=\count375
\DOTSCASE@=\count376
LaTeX Info: Redefining \ldots on input line 495.
LaTeX Info: Redefining \dots on input line 498.
LaTeX Info: Redefining \cdots on input line 619.
\Mathstrutbox@=\box129
\strutbox@=\box130
LaTeX Info: Redefining \big on input line 721.
LaTeX Info: Redefining \Big on input line 722.
LaTeX Info: Redefining \bigg on input line 723.
LaTeX Info: Redefining \Bigg on input line 724.
\big@size=\dimen318
LaTeX Font Info:    Redeclaring font encoding OML on input line 742.
LaTeX Font Info:    Redeclaring font encoding OMS on input line 743.
\macc@depth=\count377
LaTeX Info: Redefining \bmod on input line 904.
LaTeX Info: Redefining \pmod on input line 909.
LaTeX Info: Redefining \smash on input line 939.
LaTeX Info: Redefining \relbar on input line 969.
LaTeX Info: Redefining \Relbar on input line 970.
\c@MaxMatrixCols=\count378
\dotsspace@=\muskip18
\c@parentequation=\count379
\dspbrk@lvl=\count380
\tag@help=\toks42
\row@=\count381
\column@=\count382
\maxfields@=\count383
\andhelp@=\toks43
\eqnshift@=\dimen319
\alignsep@=\dimen320
\tagshift@=\dimen321
\tagwidth@=\dimen322
\totwidth@=\dimen323
\lineht@=\dimen324
\@envbody=\toks44
\multlinegap=\skip67
\multlinetaggap=\skip68
\mathdisplay@stack=\toks45
LaTeX Info: Redefining \[ on input line 2953.
LaTeX Info: Redefining \] on input line 2954.
) (D:\app\ctex\app_ctex\CTEX\MiKTeX\tex/latex/booktabs\booktabs.sty
Package: booktabs 2020/01/12 v1.61803398 Publication quality tables
\heavyrulewidth=\dimen325
\lightrulewidth=\dimen326
\cmidrulewidth=\dimen327
\belowrulesep=\dimen328
\belowbottomsep=\dimen329
\aboverulesep=\dimen330
\abovetopsep=\dimen331
\cmidrulesep=\dimen332
\cmidrulekern=\dimen333
\defaultaddspace=\dimen334
\@cmidla=\count384
\@cmidlb=\count385
\@aboverulesep=\dimen335
\@belowrulesep=\dimen336
\@thisruleclass=\count386
\@lastruleclass=\count387
\@thisrulewidth=\dimen337
) (D:\app\ctex\app_ctex\CTEX\MiKTeX\tex/latex/listings\listings.sty
\lst@mode=\count388
\lst@gtempboxa=\box131
\lst@token=\toks46
\lst@length=\count389
\lst@currlwidth=\dimen338
\lst@column=\count390
\lst@pos=\count391
\lst@lostspace=\dimen339
\lst@width=\dimen340
\lst@newlines=\count392
\lst@lineno=\count393
\lst@maxwidth=\dimen341
 (D:\app\ctex\app_ctex\CTEX\MiKTeX\tex/latex/listings\lstpatch.sty
File: lstpatch.sty 2024/09/23 1.10c (Carsten Heinz)
) (D:\app\ctex\app_ctex\CTEX\MiKTeX\tex/latex/listings\lstmisc.sty
File: lstmisc.sty 2024/09/23 1.10c (Carsten Heinz)
\c@lstnumber=\count394
\lst@skipnumbers=\count395
\lst@framebox=\box132
) (D:\app\ctex\app_ctex\CTEX\MiKTeX\tex/latex/listings\listings.cfg
File: listings.cfg 2024/09/23 1.10c listings configuration
))
Package: listings 2024/09/23 1.10c (Carsten Heinz)
 (D:\app\ctex\app_ctex\CTEX\MiKTeX\tex/latex/cite\cite.sty
LaTeX Info: Redefining \cite on input line 302.
LaTeX Info: Redefining \nocite on input line 332.
Package: cite 2015/02/27  v 5.5
) (D:\app\ctex\app_ctex\CTEX\MiKTeX\tex/latex/listings\lstlang1.sty
File: lstlang1.sty 2024/09/23 1.10c listings language file
) (D:\app\ctex\app_ctex\CTEX\MiKTeX\tex/latex/cjk/UTF8\UTF8.enc
File: UTF8.enc 2021/10/16 4.8.5
) (D:\app\ctex\app_ctex\CTEX\MiKTeX\tex/latex/cjk/UTF8\UTF8.chr
File: UTF8.chr 2021/10/16 4.8.5
)
Package translations Info: No language package found. I am going to use `english' as default language. on input line 55.
 (main.aux)
\openout1 = `main.aux'.

LaTeX Font Info:    Checking defaults for OML/cmm/m/it on input line 55.
LaTeX Font Info:    ... okay on input line 55.
LaTeX Font Info:    Checking defaults for OMS/cmsy/m/n on input line 55.
LaTeX Font Info:    ... okay on input line 55.
LaTeX Font Info:    Checking defaults for OT1/cmr/m/n on input line 55.
LaTeX Font Info:    ... okay on input line 55.
LaTeX Font Info:    Checking defaults for T1/cmr/m/n on input line 55.
LaTeX Font Info:    ... okay on input line 55.
LaTeX Font Info:    Checking defaults for TS1/cmr/m/n on input line 55.
LaTeX Font Info:    ... okay on input line 55.
LaTeX Font Info:    Checking defaults for OMX/cmex/m/n on input line 55.
LaTeX Font Info:    ... okay on input line 55.
LaTeX Font Info:    Checking defaults for U/cmr/m/n on input line 55.
LaTeX Font Info:    ... okay on input line 55.
LaTeX Font Info:    Checking defaults for C00/song/m/n on input line 55.
LaTeX Font Info:    ... okay on input line 55.
LaTeX Font Info:    Checking defaults for C05/song/m/n on input line 55.
LaTeX Font Info:    ... okay on input line 55.
LaTeX Font Info:    Checking defaults for C09/song/m/n on input line 55.
LaTeX Font Info:    ... okay on input line 55.
LaTeX Font Info:    Checking defaults for C10/song/m/n on input line 55.
LaTeX Font Info:    ... okay on input line 55.
LaTeX Font Info:    Checking defaults for C20/song/m/n on input line 55.
LaTeX Font Info:    ... okay on input line 55.
LaTeX Font Info:    Checking defaults for C19/song/m/n on input line 55.
LaTeX Font Info:    ... okay on input line 55.
LaTeX Font Info:    Checking defaults for C40/song/m/n on input line 55.
LaTeX Font Info:    ... okay on input line 55.
LaTeX Font Info:    Checking defaults for C42/song/m/n on input line 55.
LaTeX Font Info:    ... okay on input line 55.
LaTeX Font Info:    Checking defaults for C43/song/m/n on input line 55.
LaTeX Font Info:    ... okay on input line 55.
LaTeX Font Info:    Checking defaults for C50/song/m/n on input line 55.
LaTeX Font Info:    ... okay on input line 55.
LaTeX Font Info:    Checking defaults for C52/song/m/n on input line 55.
LaTeX Font Info:    ... okay on input line 55.
LaTeX Font Info:    Checking defaults for C49/song/m/n on input line 55.
LaTeX Font Info:    ... okay on input line 55.
LaTeX Font Info:    Checking defaults for C60/mj/m/n on input line 55.
LaTeX Font Info:    ... okay on input line 55.
LaTeX Font Info:    Checking defaults for C61/mj/m/n on input line 55.
LaTeX Font Info:    ... okay on input line 55.
LaTeX Font Info:    Checking defaults for C63/mj/m/n on input line 55.
LaTeX Font Info:    ... okay on input line 55.
LaTeX Font Info:    Checking defaults for C64/mj/m/n on input line 55.
LaTeX Font Info:    ... okay on input line 55.
LaTeX Font Info:    Checking defaults for C65/mj/m/n on input line 55.
LaTeX Font Info:    ... okay on input line 55.
LaTeX Font Info:    Checking defaults for C70/song/m/n on input line 55.
LaTeX Font Info:    ... okay on input line 55.
LaTeX Font Info:    Checking defaults for C31/song/m/n on input line 55.
LaTeX Font Info:    ... okay on input line 55.
LaTeX Font Info:    Checking defaults for C32/song/m/n on input line 55.
LaTeX Font Info:    ... okay on input line 55.
LaTeX Font Info:    Checking defaults for C33/song/m/n on input line 55.
LaTeX Font Info:    ... okay on input line 55.
LaTeX Font Info:    Checking defaults for C34/song/m/n on input line 55.
LaTeX Font Info:    ... okay on input line 55.
LaTeX Font Info:    Checking defaults for C35/song/m/n on input line 55.
LaTeX Font Info:    ... okay on input line 55.
LaTeX Font Info:    Checking defaults for C36/song/m/n on input line 55.
LaTeX Font Info:    ... okay on input line 55.
LaTeX Font Info:    Checking defaults for C37/song/m/n on input line 55.
LaTeX Font Info:    ... okay on input line 55.
LaTeX Font Info:    Checking defaults for C80/song/m/n on input line 55.
LaTeX Font Info:    ... okay on input line 55.
LaTeX Font Info:    Checking defaults for C81/song/m/n on input line 55.
LaTeX Font Info:    ... okay on input line 55.
LaTeX Font Info:    Checking defaults for C01/song/m/n on input line 55.
LaTeX Font Info:    ... okay on input line 55.
LaTeX Font Info:    Checking defaults for C11/song/m/n on input line 55.
LaTeX Font Info:    ... okay on input line 55.
LaTeX Font Info:    Checking defaults for C21/song/m/n on input line 55.
LaTeX Font Info:    ... okay on input line 55.
LaTeX Font Info:    Checking defaults for C41/song/m/n on input line 55.
LaTeX Font Info:    ... okay on input line 55.
LaTeX Font Info:    Checking defaults for C62/song/m/n on input line 55.
LaTeX Font Info:    ... okay on input line 55.
LaTeX Font Info:    Checking defaults for PD1/pdf/m/n on input line 55.
LaTeX Font Info:    ... okay on input line 55.
LaTeX Font Info:    Checking defaults for PU/pdf/m/n on input line 55.
LaTeX Font Info:    ... okay on input line 55.

*geometry* driver: auto-detecting
*geometry* detected driver: pdftex
*geometry* verbose mode - [ preamble ] result:
* driver: pdftex
* paper: <default>
* layout: <same size as paper>
* layoutoffset:(h,v)=(0.0pt,0.0pt)
* modes: 
* h-part:(L,W,R)=(72.26999pt, 469.75502pt, 72.26999pt)
* v-part:(T,H,B)=(72.26999pt, 650.43001pt, 72.26999pt)
* \paperwidth=614.295pt
* \paperheight=794.96999pt
* \textwidth=469.75502pt
* \textheight=650.43001pt
* \oddsidemargin=0.0pt
* \evensidemargin=0.0pt
* \topmargin=-37.0pt
* \headheight=12.0pt
* \headsep=25.0pt
* \topskip=10.0pt
* \footskip=30.0pt
* \marginparwidth=65.0pt
* \marginparsep=11.0pt
* \columnsep=10.0pt
* \skip\footins=9.0pt plus 4.0pt minus 2.0pt
* \hoffset=0.0pt
* \voffset=0.0pt
* \mag=1000
* \@twocolumnfalse
* \@twosidefalse
* \@mparswitchfalse
* \@reversemarginfalse
* (1in=72.27pt=25.4mm, 1cm=28.453pt)

(D:\app\ctex\app_ctex\CTEX\MiKTeX\tex/context/base/mkii\supp-pdf.mkii
[Loading MPS to PDF converter (version 2006.09.02).]
\scratchcounter=\count396
\scratchdimen=\dimen342
\scratchbox=\box133
\nofMPsegments=\count397
\nofMParguments=\count398
\everyMPshowfont=\toks47
\MPscratchCnt=\count399
\MPscratchDim=\dimen343
\MPnumerator=\count400
\makeMPintoPDFobject=\count401
\everyMPtoPDFconversion=\toks48
) (D:\app\ctex\app_ctex\CTEX\MiKTeX\tex/latex/epstopdf-pkg\epstopdf-base.sty
Package: epstopdf-base 2020-01-24 v2.11 Base part for package epstopdf
Package epstopdf-base Info: Redefining graphics rule for `.eps' on input line 485.
 (D:\app\ctex\app_ctex\CTEX\MiKTeX\tex/latex/00miktex\epstopdf-sys.cfg
File: epstopdf-sys.cfg 2021/03/18 v2.0 Configuration of epstopdf for MiKTeX
))
Package caption Info: Begin \AtBeginDocument code.
Package caption Info: float package is loaded.
Package caption Info: hyperref package is loaded.
Package caption Info: listings package is loaded.
Package caption Info: End \AtBeginDocument code.
 (D:\app\ctex\app_ctex\CTEX\MiKTeX\tex/latex/pdflscape\pdflscape.sty
Package: pdflscape 2022-10-27 v0.13 Display of landscape pages in PDF
 (D:\app\ctex\app_ctex\CTEX\MiKTeX\tex/latex/pdflscape\pdflscape-nometadata.sty
Package: pdflscape-nometadata 2022-10-28 v0.13 Display of landscape pages in PDF (HO)
 (D:\app\ctex\app_ctex\CTEX\MiKTeX\tex/latex/graphics\lscape.sty
Package: lscape 2020/05/28 v3.02 Landscape Pages (DPC)
)
Package pdflscape Info: Auto-detected driver: pdftex on input line 81.
))
Package hyperref Info: Link coloring OFF on input line 55.
 (main.out) (main.out)
\@outlinefile=\write4
\openout4 = `main.out'.

 (D:\app\ctex\app_ctex\CTEX\MiKTeX\tex/latex/translations/dicts\translations-basic-dictionary-english.trsl
File: translations-basic-dictionary-english.trsl (english translation file `translations-basic-dictionary')
)
Package translations Info: loading dictionary `translations-basic-dictionary' for `english'. on input line 55.
\c@lstlisting=\count402
LaTeX Font Info:    Trying to load font information for C70+rm on input line 57.
 (D:\app\ctex\app_ctex\CTEX\MiKTeX\tex/latex/ctex/fd\c70rm.fd
File: c70rm.fd 2022/07/14 v2.5.10 Chinese font definition (CTEX)
)
Package CJKpunct Info: use punctuation spaces for family 'rm' with punctstyle (quanjiao) on input line 57.


(D:\app\ctex\app_ctex\CTEX\MiKTeX\tex/generic/ctex/zhmap\ctex-zhmap-windows.tex
File: ctex-zhmap-windows.tex 2022/07/14 v2.5.10 Windows font map loader for pdfTeX and DVIPDFMx (CTEX)
{D:/app/ctex/app_ctex/CTEX/UserData/fonts/map/pdftex/pdftex.map{Unicode.sfd}{UGBK.sfd}}) [1

] (main.toc

LaTeX Font Warning: Font shape `OMX/cmex/m/n' in size <10.53937> not available
(Font)              size <10.95> substituted on input line 2.




pdfTeX warning (ext4): destination with the same identifier (name{page.1}) has been already used, duplicate ignored
<to be read again> 
                   \relax 
l.47 ...ªÊÑàÁéáÂØπÊØîÂõæ}{20}{subsubsection.4.2.6}
                                                  % [1])
\tf@toc=\write5
\openout5 = `main.toc'.



[2]


pdfTeX warning (ext4): destination with the same identifier (name{page.1}) has been already used, duplicate ignored
<to be read again> 
                   \relax 
l.81 ...varepsilon _{PI})\delta _{I}I-c_{V}V_{I}$$
                                                   [1]


pdfTeX warning (ext4): destination with the same identifier (name{page.2}) has been already used, duplicate ignored
<to be read again> 
                   \relax 
l.131 
       [2]

Package hyperref Warning: Token not allowed in a PDF string (Unicode):
(hyperref)                removing `math shift' on input line 137.


Package hyperref Warning: Token not allowed in a PDF string (Unicode):
(hyperref)                removing `subscript' on input line 137.


Package hyperref Warning: Token not allowed in a PDF string (Unicode):
(hyperref)                removing `math shift' on input line 137.


Overfull \hbox (10.28357pt too wide) in paragraph at lines 138--138
\C70/rm/m/n/10.53937/65 p \C70/rm/m/n/10.53937/91 œ|\C70/rm/m/n/10.53937/ff ^^L| \C70/rm/m/n/10.53937/51 v \C70/rm/m/n/10.53937/53 ÷ \C70/rm/m/n/10.53937/50 < \C70/rm/m/n/10.53937/51 ≥ \C70/rm/m/n/10.53937/5b ö \C70/rm/m/n/10.53937/4e Ü \C70/rm/m/n/10.53937/67 ^^@ \C70/rm/m/n/10.53937/7e » \C70/rm/m/n/10.53937/76 Ñ \C70/rm/m/n/10.53937/61 ^^_ \C70/rm/m/n/10.53937/67 ” \C70/rm/m/n/10.53937/72 ∂ \C70/rm/m/n/10.53937/60 ^^A \OT1/cmr/m/n/10.53937 [[]1[]]|\C70/rm/m/n/10.53937/30 ^^B| \C70/rm/m/n/10.53937/4e Œ \C70/rm/m/n/10.53937/88 h[]\OT1/cmr/m/n/10.53937 1[]\C70/rm/m/n/10.53937/4e - \C70/rm/m/n/10.53937/53 Ô \C70/rm/m/n/10.53937/4e Â \C70/rm/m/n/10.53937/53 — \C70/rm/m/n/10.53937/73 ∞ \C70/rm/m/n/10.53937/4e ^^@ \C70/rm/m/n/10.53937/82 , \C70/rm/m/n/10.53937/60 ≈ \C70/rm/m/n/10.53937/51 µ \C70/rm/m/n/10.53937/4e  ≈ \C70/rm/m/n/10.53937/67 	$\OML/cmm/m/it/10.53937 ^^L[]; ^^L[]; "[]; "[]; "[]; "[]$\C70/rm/m/n/10.53937/51 m
 []



[3]
Package hyperref Info: bookmark level for unknown lstlisting defaults to 0 on input line 153.


[4]

[5]
Overfull \hbox (23.41539pt too wide) in paragraph at lines 215--216
[]\C70/rm/m/n/10.53937/5b W \C70/rm/m/n/10.53937/7b & \C70/rm/m/n/10.53937/4e 2\OT1/cmr/m/n/10.53937 order\C70/rm/m/n/10.53937/75 ( \C70/rm/m/n/10.53937/4e é \C70/rm/m/n/10.53937/90 	 \C70/rm/m/n/10.53937/6c ˝ \C70/rm/m/n/10.53937/8f ‘ \C70/rm/m/n/10.53937/56 ﬁ \C70/rm/m/n/10.53937/50 < \C70/rm/m/n/10.53937/7c { \C70/rm/m/n/10.53937/57 ã|\C70/rm/m/n/10.53937/ff ^^Z| \OT1/cmr/m/n/10.53937 'all'\C70/rm/m/n/10.53937/88 h \C70/rm/m/n/10.53937/79 : \C70/rm/m/n/10.53937/8f ‘ \C70/rm/m/n/10.53937/56 ﬁ \C70/rm/m/n/10.53937/51 h \C70/rm/m/n/10.53937/8f « \C70/rm/m/n/10.53937/7a  \C70/rm/m/n/10.53937/7e ∆ \C70/rm/m/n/10.53937/80 ﬁ \C70/rm/m/n/10.53937/72 ∂ \C70/rm/m/n/10.53937/60 ^^A \C70/rm/m/n/10.53937/5e v \C70/rm/m/n/10.53937/4e ^^T \C70/rm/m/n/10.53937/62 • \C70/rm/m/n/10.53937/54 J ^^D \C70/rm/m/n/10.53937/7e ∆ \C70/rm/m/n/10.53937/80 ﬁ \C70/rm/m/n/10.53937/7e » \C70/rm/m/n/10.53937/60 ^^A|\C70/rm/m/n/10.53937/ff ^^[| \OT1/cmr/m/n/10.53937 'all[]noreport'\C70/rm/m/n/10.53937/88 h
 []


Overfull \hbox (20.81183pt too wide) in paragraph at lines 254--255
[]\C70/rm/m/n/10.53937/5f S\OT1/cmr/m/n/10.53937 params=[0.0006,0.001,0,0,0,0]\C70/rm/m/n/10.53937/65 ˆ|\C70/rm/m/n/10.53937/ff ^^L| $\OML/cmm/m/it/10.53937 R[] \OT1/cmr/m/n/10.53937 = 2\OML/cmm/m/it/10.53937 :\OT1/cmr/m/n/10.53937 9852$|\C70/rm/m/n/10.53937/ff ^^L| \C70/rm/m/n/10.53937/61 ^^_ \C70/rm/m/n/10.53937/67 ” \C70/rm/m/n/10.53937/7e » \C70/rm/m/n/10.53937/60 ^^A \C70/rm/m/n/10.53937/4e : \C70/rm/m/n/10.53937/67 ” \C70/rm/m/n/10.53937/75 ≈ \C70/rm/m/n/10.53937/5e s \C70/rm/m/n/10.53937/88 a \C70/rm/m/n/10.53937/70 π$\OML/cmm/m/it/10.53937 E[] \OT1/cmr/m/n/10.53937 = [\OML/cmm/m/it/10.53937 T[] \OT1/cmr/m/n/10.53937 = 335\OML/cmm/m/it/10.53937 :\OT1/cmr/m/n/10.53937 4188\OML/cmm/m/it/10.53937 ; L[] \OT1/cmr/m/n/10.53937 =
 []



[6]
<0.0.png, id=586, 723.30225pt x 94.55325pt>
File: 0.0.png Graphic file (type png)
<use 0.0.png>
Package pdftex.def Info: 0.0.png  used on input line 264.
(pdftex.def)             Requested size: 469.75502pt x 61.40982pt.
<0.1.png, id=590, 1110.0672pt x 552.8655pt>
File: 0.1.png Graphic file (type png)
<use 0.1.png>
Package pdftex.def Info: 0.1.png  used on input line 274.
(pdftex.def)             Requested size: 469.75502pt x 233.95662pt.


[7 <./0.0.png> <./0.1.png>]
Overfull \hbox (54.81755pt too wide) in paragraph at lines 285--286
[]\OT1/cmr/m/n/10.53937 nature:\C70/rm/m/n/10.53937/82 Â \C70/rm/m/n/10.53937/4e :\OT1/cmr/m/n/10.53937 False\C70/rm/m/n/10.53937/53 s$\OML/cmm/m/it/10.53937 ^^L[]; ^^L[]$\C70/rm/m/n/10.53937/67 ^^M \C70/rm/m/n/10.53937/4e Œ \C70/rm/m/n/10.53937/57 G \C70/rm/m/n/10.53937/53 ^^@ \C70/rm/m/n/10.53937/52 ^^F \C70/rm/m/n/10.53937/5e ^^C|\C70/rm/m/n/10.53937/ff ^^L| \C70/rm/m/n/10.53937/5e v \C70/rm/m/n/10.53937/4e ^^T \C70/rm/m/n/10.53937/75 1$\OML/cmm/m/it/10.53937 R[]$\OT1/cmr/m/n/10.53937 (\C70/rm/m/n/10.53937/5f b \C70/rm/m/n/10.53937/53 ¬|\C70/rm/m/n/10.53937/ff ^^Z| \OT1/cmr/m/n/10.53937 R0[]min=0,R0[]max=2)\C70/rm/m/n/10.53937/67 e \C70/rm/m/n/10.53937/7b [ \C70/rm/m/n/10.53937/90 	|\C70/rm/m/n/10.53937/ff ^^[| \C70/rm/m/n/10.53937/82 Â \C70/rm/m/n/10.53937/4e :\OT1/cmr/m/n/10.53937 True\C70/rm/m/n/10.53937/53 s$\OML/cmm/m/it/10.53937 ^^L[]; ^^L[]$\C70/rm/m/n/10.53937/67 ^^M
 []



[8]
Overfull \hbox (22.2271pt too wide) in paragraph at lines 323--324
\C70/rm/m/n/10.53937/53   \C70/rm/m/n/10.53937/75 ≈ \C70/rm/m/n/10.53937/6b “ \C70/rm/m/n/10.53937/6d S \C70/rm/m/n/10.53937/5e ¶ \C70/rm/m/n/10.53937/7e ƒ \C70/rm/m/n/10.53937/62 ^^P \C70/rm/m/n/10.53937/76 Ñ \C70/rm/m/n/10.53937/52 ^^W \C70/rm/m/n/10.53937/88 h|\C70/rm/m/n/10.53937/ff ^^L| \C70/rm/m/n/10.53937/54 ^^L \C70/rm/m/n/10.53937/65 ˆ \C70/rm/m/n/10.53937/4f ^^Z \C70/rm/m/n/10.53937/5c ^^F\OT1/cmr/m/n/10.53937 params\C70/rm/m/n/10.53937/54 å \C70/rm/m/n/10.53937/7e » \C70/rm/m/n/10.53937/60 ^^A \C70/rm/m/n/10.53937/65 p \C70/rm/m/n/10.53937/63 n \C70/rm/m/n/10.53937/51 ô e\OT1/cmr/m/n/10.53937 'filename.xlsx'\C70/rm/m/n/10.53937/76 Ñ\OT1/cmr/m/n/10.53937 'sheet[]name'(booksheet)\C70/rm/m/n/10.53937/4e -|\C70/rm/m/n/10.53937/ff ^^L|
 []


Overfull \hbox (36.24599pt too wide) in paragraph at lines 349--350
[]\C70/rm/m/n/10.53937/80 ^^L \C70/rm/m/n/10.53937/5b ö \C70/rm/m/n/10.53937/4e I \C70/rm/m/n/10.53937/51 ˝ \C70/rm/m/n/10.53937/65 p\OT1/cmr/m/n/10.53937 fig[]cells[]processing[]paramses()|\C70/rm/m/n/10.53937/ff ^^L| \C70/rm/m/n/10.53937/90 ^^Z \C70/rm/m/n/10.53937/8f « \C70/rm/m/n/10.53937/52 ^^W \C70/rm/m/n/10.53937/88 h\OT1/cmr/m/n/10.53937 cell0\C70/rm/m/n/10.53937/4f   \C70/rm/m/n/10.53937/51 e \C70/rm/m/n/10.53937/4e ^^@ \C70/rm/m/n/10.53937/7e Ÿ \C70/rm/m/n/10.53937/5b ö \C70/rm/m/n/10.53937/52 ^^] \C70/rm/m/n/10.53937/59 À \C70/rm/m/n/10.53937/72 ∂ \C70/rm/m/n/10.53937/60 ^^A|\C70/rm/m/n/10.53937/ff ^^L| \C70/rm/m/n/10.53937/51 ç \C70/rm/m/n/10.53937/90 ^^Z \C70/rm/m/n/10.53937/8f « \C70/rm/m/n/10.53937/4e å \C70/rm/m/n/10.53937/7e Ù \C70/rm/m/n/10.53937/52 ^^W \C70/rm/m/n/10.53937/88 h\OT1/cmr/m/n/10.53937 paramses
 []



[9]

Package hyperref Warning: Token not allowed in a PDF string (Unicode):
(hyperref)                removing `math shift' on input line 355.


Package hyperref Warning: Token not allowed in a PDF string (Unicode):
(hyperref)                removing `subscript' on input line 355.


Package hyperref Warning: Token not allowed in a PDF string (Unicode):
(hyperref)                removing `math shift' on input line 355.


Overfull \hbox (29.43063pt too wide) in paragraph at lines 356--357
[]\C70/rm/m/n/10.53937/5b ö \C70/rm/m/n/10.53937/4e I \C70/rm/m/n/10.53937/51 ˝ \C70/rm/m/n/10.53937/65 p\OT1/cmr/m/n/10.53937 fig[]final[]R0()|\C70/rm/m/n/10.53937/ff ^^L| \C70/rm/m/n/10.53937/90 ^^Z \C70/rm/m/n/10.53937/8f « \C70/rm/m/n/10.53937/5b W \C70/rm/m/n/10.53937/51 x\OT1/cmr/m/n/10.53937 params[]variables\C70/rm/m/n/10.53937/54 å\OT1/cmr/m/n/10.53937 cells[]finals\C70/rm/m/n/10.53937/52 ^^F + \C70/rm/m/n/10.53937/4f   \C70/rm/m/n/10.53937/51 e \C70/rm/m/n/10.53937/59 ^^Z \C70/rm/m/n/10.53937/5b ˘ \C70/rm/m/n/10.53937/4e å \C70/rm/m/n/10.53937/7e Ù \C70/rm/m/n/10.53937/65 p \C70/rm/m/n/10.53937/7e ƒ\OT1/cmr/m/n/10.53937 params[]variable\C70/rm/m/n/10.53937/54 å
 []


Package hyperref Warning: Token not allowed in a PDF string (Unicode):
(hyperref)                removing `math shift' on input line 361.


Package hyperref Warning: Token not allowed in a PDF string (Unicode):
(hyperref)                removing `subscript' on input line 361.


Package hyperref Warning: Token not allowed in a PDF string (Unicode):
(hyperref)                removing `math shift' on input line 361.


Package hyperref Warning: Token not allowed in a PDF string (Unicode):
(hyperref)                removing `math shift' on input line 361.


Package hyperref Warning: Token not allowed in a PDF string (Unicode):
(hyperref)                removing `\beta' on input line 361.


Package hyperref Warning: Token not allowed in a PDF string (Unicode):
(hyperref)                removing `subscript' on input line 361.


Package hyperref Warning: Token not allowed in a PDF string (Unicode):
(hyperref)                removing `\beta' on input line 361.


Package hyperref Warning: Token not allowed in a PDF string (Unicode):
(hyperref)                removing `subscript' on input line 361.


Package hyperref Warning: Token not allowed in a PDF string (Unicode):
(hyperref)                removing `math shift' on input line 361.


Package hyperref Warning: Token not allowed in a PDF string (Unicode):
(hyperref)                removing `math shift' on input line 367.


Package hyperref Warning: Token not allowed in a PDF string (Unicode):
(hyperref)                removing `\beta' on input line 367.


Package hyperref Warning: Token not allowed in a PDF string (Unicode):
(hyperref)                removing `subscript' on input line 367.


Package hyperref Warning: Token not allowed in a PDF string (Unicode):
(hyperref)                removing `\beta' on input line 367.


Package hyperref Warning: Token not allowed in a PDF string (Unicode):
(hyperref)                removing `subscript' on input line 367.


Package hyperref Warning: Token not allowed in a PDF string (Unicode):
(hyperref)                removing `math shift' on input line 367.


Package hyperref Warning: Token not allowed in a PDF string (Unicode):
(hyperref)                removing `math shift' on input line 373.


Package hyperref Warning: Token not allowed in a PDF string (Unicode):
(hyperref)                removing `subscript' on input line 373.


Package hyperref Warning: Token not allowed in a PDF string (Unicode):
(hyperref)                removing `math shift' on input line 373.


Package hyperref Warning: Token not allowed in a PDF string (Unicode):
(hyperref)                removing `math shift' on input line 373.


Package hyperref Warning: Token not allowed in a PDF string (Unicode):
(hyperref)                removing `\varepsilon' on input line 373.


Package hyperref Warning: Token not allowed in a PDF string (Unicode):
(hyperref)                removing `subscript' on input line 373.


Package hyperref Warning: Token not allowed in a PDF string (Unicode):
(hyperref)                removing `\varepsilon' on input line 373.


Package hyperref Warning: Token not allowed in a PDF string (Unicode):
(hyperref)                removing `subscript' on input line 373.


Package hyperref Warning: Token not allowed in a PDF string (Unicode):
(hyperref)                removing `math shift' on input line 373.



[10]

[11]

[12]
<0.01.png, id=744, 349.90726pt x 136.71075pt>
File: 0.01.png Graphic file (type png)
<use 0.01.png>
Package pdftex.def Info: 0.01.png  used on input line 463.
(pdftex.def)             Requested size: 281.85587pt x 110.1218pt.


[13 <./0.01.png>]
Overfull \hbox (5.68745pt too wide) in paragraph at lines 481--482
\OT1/cmr/m/n/10.53937 [700\OML/cmm/m/it/10.53937 ; \OT1/cmr/m/n/10.53937 1\OML/cmm/m/it/10.53937 :\OT1/cmr/m/n/10.53937 5\OML/cmm/m/it/10.53937 ; \OT1/cmr/m/n/10.53937 5\OML/cmm/m/it/10.53937 ; \OT1/cmr/m/n/10.53937 1\OML/cmm/m/it/10.53937 :\OT1/cmr/m/n/10.53937 5\OML/cmm/m/it/10.53937 ; \OT1/cmr/m/n/10.53937 0\OML/cmm/m/it/10.53937 :\OT1/cmr/m/n/10.53937 0005\OML/cmm/m/it/10.53937 ; \OT1/cmr/m/n/10.53937 0\OML/cmm/m/it/10.53937 :\OT1/cmr/m/n/10.53937 0005\OML/cmm/m/it/10.53937 ; \OT1/cmr/m/n/10.53937 15\OML/cmm/m/it/10.53937 ; \OT1/cmr/m/n/10.53937 0]\OML/cmm/m/it/10.53937 ; \OT1/cmr/m/n/10.53937 [500\OML/cmm/m/it/10.53937 ; \OT1/cmr/m/n/10.53937 1\OML/cmm/m/it/10.53937 ; \OT1/cmr/m/n/10.53937 3\OML/cmm/m/it/10.53937 ; \OT1/cmr/m/n/10.53937 1\OML/cmm/m/it/10.53937 ; \OT1/cmr/m/n/10.53937 0\OML/cmm/m/it/10.53937 :\OT1/cmr/m/n/10.53937 001\OML/cmm/m/it/10.53937 ; \OT1/cmr/m/n/10.53937 0\OML/cmm/m/it/10.53937 :\OT1/cmr/m/n/10.53937 001\OML/cmm/m/it/10.53937 ; \OT1/cmr/m/n/10.53937 12\OML/cmm/m/it/10.53937 ; \OT1/cmr/m/n/10.53937 0]\OML/cmm/m/it/10.53937 ; \OT1/cmr/m/n/10.53937 [300\OML/cmm/m/it/10.53937 ; \OT1/cmr/m/n/10.53937 0\OML/cmm/m/it/10.53937 :\OT1/cmr/m/n/10.53937 5\OML/cmm/m/it/10.53937 ; \OT1/cmr/m/n/10.53937 1\OML/cmm/m/it/10.53937 :\OT1/cmr/m/n/10.53937 5\OML/cmm/m/it/10.53937 ; \OT1/cmr/m/n/10.53937 0\OML/cmm/m/it/10.53937 :\OT1/cmr/m/n/10.53937 5\OML/cmm/m/it/10.53937 ; \OT1/cmr/m/n/10.53937 0\OML/cmm/m/it/10.53937 :\OT1/cmr/m/n/10.53937 1\OML/cmm/m/it/10.53937 ; \OT1/cmr/m/n/10.53937 0\OML/cmm/m/it/10.53937 :\OT1/cmr/m/n/10.53937 3\OML/cmm/m/it/10.53937 ; \OT1/cmr/m/n/10.53937 8\OML/cmm/m/it/10.53937 ; \OT1/cmr/m/n/10.53937 0]]$)\C70/rm/m/n/10.53937/52 ^^F + \C70/rm/m/n/10.53937/57 (
 []

<1.1.png, id=778, 1110.0672pt x 552.8655pt>
File: 1.1.png Graphic file (type png)
<use 1.1.png>
Package pdftex.def Info: 1.1.png  used on input line 490.
(pdftex.def)             Requested size: 469.75502pt x 233.95662pt.
<1.2.png, id=779, 1110.0672pt x 552.8655pt>
File: 1.2.png Graphic file (type png)
<use 1.2.png>
Package pdftex.def Info: 1.2.png  used on input line 496.
(pdftex.def)             Requested size: 446.26582pt x 222.25583pt.


[14 <./1.1.png>]
Overfull \hbox (51.75717pt too wide) in paragraph at lines 501--502
\OT1/cmr/m/n/10.53937 params[]drug=[[0.0006,0.001,0.13,0.13,0.23,0.23],[0.0006,0.001,0.23,0.23,0.33,0.33],[0.0006,0.001,0.33,0.33,0.43,0.43] 
 []

<1.3.png, id=795, 1110.0672pt x 552.8655pt>
File: 1.3.png Graphic file (type png)
<use 1.3.png>
Package pdftex.def Info: 1.3.png  used on input line 509.
(pdftex.def)             Requested size: 446.26582pt x 222.25583pt.

Package hyperref Warning: Token not allowed in a PDF string (Unicode):
(hyperref)                removing `math shift' on input line 514.


Package hyperref Warning: Token not allowed in a PDF string (Unicode):
(hyperref)                removing `subscript' on input line 514.


Package hyperref Warning: Token not allowed in a PDF string (Unicode):
(hyperref)                removing `math shift' on input line 514.


Overfull \hbox (25.06573pt too wide) in paragraph at lines 515--516
[]\C70/rm/m/n/10.53937/90 ^^Z \C70/rm/m/n/10.53937/8f « \C70/rm/m/n/10.53937/51 ˝ \C70/rm/m/n/10.53937/65 p\OT1/cmr/m/n/10.53937 params[]R0()\C70/rm/m/n/10.53937/75 ^^_ \C70/rm/m/n/10.53937/62 ^^P\OT1/cmr/m/n/10.53937 n(100)\C70/rm/m/n/10.53937/7e ƒ \C70/rm/m/n/10.53937/53 Ô ÿ ¬ \C70/rm/m/n/10.53937/65 p\OT1/cmr/m/n/10.53937 params|\C70/rm/m/n/10.53937/ff ^^L| \C70/rm/m/n/10.53937/4e ^^T\OT1/cmr/m/n/10.53937 nature=False\C70/rm/m/n/10.53937/88 h \C70/rm/m/n/10.53937/66 ^^N$\OML/cmm/m/it/10.53937 ^^L[]; ^^L[]$\C70/rm/m/n/10.53937/67 ^^M \C70/rm/m/n/10.53937/4e Œ \C70/rm/m/n/10.53937/57 G \C70/rm/m/n/10.53937/53 ^^@ \C70/rm/m/n/10.53937/52 ^^F \C70/rm/m/n/10.53937/5e ^^C\OT1/cmr/m/n/10.53937 ($\OML/cmm/m/it/10.53937 R[] \OT1/cmr/m/n/10.53937 =
 []



[15 <./1.2.png> <./1.3.png>]
<2.1.png, id=809, 1110.0672pt x 552.8655pt>
File: 2.1.png Graphic file (type png)
<use 2.1.png>
Package pdftex.def Info: 2.1.png  used on input line 529.
(pdftex.def)             Requested size: 446.26582pt x 222.25583pt.
<2.2.png, id=810, 1110.0672pt x 552.8655pt>
File: 2.2.png Graphic file (type png)
<use 2.2.png>
Package pdftex.def Info: 2.2.png  used on input line 535.
(pdftex.def)             Requested size: 446.26582pt x 222.25583pt.


[16 <./2.1.png>]

Package hyperref Warning: Token not allowed in a PDF string (Unicode):
(hyperref)                removing `math shift' on input line 540.


Package hyperref Warning: Token not allowed in a PDF string (Unicode):
(hyperref)                removing `subscript' on input line 540.


Package hyperref Warning: Token not allowed in a PDF string (Unicode):
(hyperref)                removing `math shift' on input line 540.


Package hyperref Warning: Token not allowed in a PDF string (Unicode):
(hyperref)                removing `math shift' on input line 540.


Package hyperref Warning: Token not allowed in a PDF string (Unicode):
(hyperref)                removing `\beta' on input line 540.


Package hyperref Warning: Token not allowed in a PDF string (Unicode):
(hyperref)                removing `subscript' on input line 540.


Package hyperref Warning: Token not allowed in a PDF string (Unicode):
(hyperref)                removing `\beta' on input line 540.


Package hyperref Warning: Token not allowed in a PDF string (Unicode):
(hyperref)                removing `subscript' on input line 540.


Package hyperref Warning: Token not allowed in a PDF string (Unicode):
(hyperref)                removing `math shift' on input line 540.


Overfull \hbox (16.18655pt too wide) in paragraph at lines 541--542
\C70/rm/m/n/10.53937/54 ^^L \C70/rm/m/n/10.53937/4e 
|\C70/rm/m/n/10.53937/ff ^^[| \C70/rm/m/n/10.53937/80 ^^L \C70/rm/m/n/10.53937/81 Í \C70/rm/m/n/10.53937/71 6 \C70/rm/m/n/10.53937/67 a \C70/rm/m/n/10.53937/4e ˆ \C70/rm/m/n/10.53937/53 s\OT1/cmr/m/n/10.53937 nature=True\C70/rm/m/n/10.53937/65 ˆ \C70/rm/m/n/10.53937/88 h \C70/rm/m/n/10.53937/66 ^^N \C70/rm/m/n/10.53937/61 ^^_ \C70/rm/m/n/10.53937/67 ” \C70/rm/m/n/10.53937/73 á$\OML/cmm/m/it/10.53937 ^^L[]; ^^L[]$\C70/rm/m/n/10.53937/52 ^^F + \C70/rm/m/n/10.53937/67 ^^M \C70/rm/m/n/10.53937/4e Œ \C70/rm/m/n/10.53937/6b c \C70/rm/m/n/10.53937/60 ^^A \C70/rm/m/n/10.53937/52 ^^F \C70/rm/m/n/10.53937/5e ^^C$\OT1/cmr/m/n/10.53937 (\OML/cmm/m/it/10.53937 ^^L[] \OMS/cmsy/m/n/10.53937 ^^X \OML/cmm/m/it/10.53937 N\OT1/cmr/m/n/10.53937 (6 \OMS/cmsy/m/n/10.53937 ^^B \OT1/cmr/m/n/10.53937 10[]\OML/cmm/m/it/10.53937 ; \OT1/cmr/m/n/10.53937 (2 \OMS/cmsy/m/n/10.53937 ^^B \OT1/cmr/m/n/10.53937 10[])[])\OML/cmm/m/it/10.53937 ; ^^L[] \OMS/cmsy/m/n/10.53937 ^^X
 []

<3.1.1.png, id=827, 484.81125pt x 385.44pt>
File: 3.1.1.png Graphic file (type png)
<use 3.1.1.png>
Package pdftex.def Info: 3.1.1.png  used on input line 551.
(pdftex.def)             Requested size: 225.4804pt x 179.26303pt.
<3.1.2.png, id=828, 510.10574pt x 412.54124pt>
File: 3.1.2.png Graphic file (type png)
<use 3.1.2.png>
Package pdftex.def Info: 3.1.2.png  used on input line 556.
(pdftex.def)             Requested size: 225.4804pt x 182.35593pt.
<3.2.1.png, id=829, 467.94826pt x 384.2355pt>
File: 3.2.1.png Graphic file (type png)
<use 3.2.1.png>
Package pdftex.def Info: 3.2.1.png  used on input line 566.
(pdftex.def)             Requested size: 230.18253pt x 189.00404pt.
<3.2.2.png, id=830, 507.0945pt x 406.51875pt>
File: 3.2.2.png Graphic file (type png)
<use 3.2.2.png>
Package pdftex.def Info: 3.2.2.png  used on input line 571.
(pdftex.def)             Requested size: 230.18253pt x 184.5321pt.


[17 <./2.2.png> <./3.1.1.png> <./3.1.2.png>]

Package hyperref Warning: Token not allowed in a PDF string (Unicode):
(hyperref)                removing `math shift' on input line 579.


Package hyperref Warning: Token not allowed in a PDF string (Unicode):
(hyperref)                removing `\beta' on input line 579.


Package hyperref Warning: Token not allowed in a PDF string (Unicode):
(hyperref)                removing `subscript' on input line 579.


Package hyperref Warning: Token not allowed in a PDF string (Unicode):
(hyperref)                removing `\beta' on input line 579.


Package hyperref Warning: Token not allowed in a PDF string (Unicode):
(hyperref)                removing `subscript' on input line 579.


Package hyperref Warning: Token not allowed in a PDF string (Unicode):
(hyperref)                removing `math shift' on input line 579.


Overfull \hbox (54.7485pt too wide) in paragraph at lines 580--581
[]\C70/rm/m/n/10.53937/5c ^^F \C70/rm/m/n/10.53937/4e 
 \C70/rm/m/n/10.53937/8f  \C70/rm/m/n/10.53937/76 Ñ \C70/rm/m/n/10.53937/74 ^^F \C70/rm/m/n/10.53937/60 Û \C70/rm/m/n/10.53937/67 a \C70/rm/m/n/10.53937/4e ˆ \C70/rm/m/n/10.53937/54 å \C70/rm/m/n/10.53937/81 Í \C70/rm/m/n/10.53937/71 6 \C70/rm/m/n/10.53937/67 a \C70/rm/m/n/10.53937/4e ˆ  \C70/rm/m/n/10.53937/7b ó \C70/rm/m/n/10.53937/5f ó \C70/rm/m/n/10.53937/76 Ñ\OT1/cmr/m/n/10.53937 params\C70/rm/m/n/10.53937/7e ƒ \C70/rm/m/n/10.53937/54 å \C70/rm/m/n/10.53937/76 ¯ \C70/rm/m/n/10.53937/5e î \C70/rm/m/n/10.53937/76 Ñ\OT1/cmr/m/n/10.53937 cells[]final\C70/rm/m/n/10.53937/7e ƒ \C70/rm/m/n/10.53937/52 ^^F + \C70/rm/m/n/10.53937/4f   \C70/rm/m/n/10.53937/51 e ˝ \C70/rm/m/n/10.53937/65 p\OT1/cmr/m/n/10.53937 cells[]processes[]params()\C70/rm/m/n/10.53937/53 s
 []

<4.1.png, id=848, 1110.0672pt x 552.8655pt>
File: 4.1.png Graphic file (type png)
<use 4.1.png>
Package pdftex.def Info: 4.1.png  used on input line 591.
(pdftex.def)             Requested size: 469.75502pt x 233.95662pt.
<4.2.png, id=849, 1110.0672pt x 552.8655pt>
File: 4.2.png Graphic file (type png)
<use 4.2.png>
Package pdftex.def Info: 4.2.png  used on input line 597.
(pdftex.def)             Requested size: 469.75502pt x 233.95662pt.


[18 <./3.2.1.png> <./3.2.2.png>]

Package hyperref Warning: Token not allowed in a PDF string (Unicode):
(hyperref)                removing `math shift' on input line 602.


Package hyperref Warning: Token not allowed in a PDF string (Unicode):
(hyperref)                removing `subscript' on input line 602.


Package hyperref Warning: Token not allowed in a PDF string (Unicode):
(hyperref)                removing `math shift' on input line 602.


Package hyperref Warning: Token not allowed in a PDF string (Unicode):
(hyperref)                removing `math shift' on input line 602.


Package hyperref Warning: Token not allowed in a PDF string (Unicode):
(hyperref)                removing `\varepsilon' on input line 602.


Package hyperref Warning: Token not allowed in a PDF string (Unicode):
(hyperref)                removing `subscript' on input line 602.


Package hyperref Warning: Token not allowed in a PDF string (Unicode):
(hyperref)                removing `\varepsilon' on input line 602.


Package hyperref Warning: Token not allowed in a PDF string (Unicode):
(hyperref)                removing `subscript' on input line 602.


Package hyperref Warning: Token not allowed in a PDF string (Unicode):
(hyperref)                removing `math shift' on input line 602.

<5.png, id=864, 513.117pt x 401.0985pt>
File: 5.png Graphic file (type png)
<use 5.png>
Package pdftex.def Info: 5.png  used on input line 609.
(pdftex.def)             Requested size: 375.80544pt x 293.77258pt.


[19 <./4.1.png> <./4.2.png>]
Overfull \hbox (36.08577pt too wide) in paragraph at lines 616--617
\C70/rm/bx/n/10.53937/74 ^^F \C70/rm/bx/n/10.53937/60 Û \C70/rm/bx/n/10.53937/67 a \C70/rm/bx/n/10.53937/4e ˆ  \C70/rm/bx/n/10.53937/6c ª \C70/rm/bx/n/10.53937/61 ^^H \C70/rm/bx/n/10.53937/73 á \C70/rm/bx/n/10.53937/5b ˘ \C70/rm/bx/n/10.53937/6b ‘ \C70/rm/bx/n/10.53937/56 ˛[] \C70/rm/m/n/10.53937/75 ^^_ \C70/rm/m/n/10.53937/62 ^^P \C70/rm/m/n/10.53937/67 	 \C70/rm/m/n/10.53937/83 o \C70/rm/m/n/10.53937/67 a \C70/rm/m/n/10.53937/4e ˆ  \C70/rm/m/n/10.53937/76 Ñ\OT1/cmr/m/n/10.53937 params\C70/rm/m/n/10.53937/7e ƒ \C70/rm/m/n/10.53937/65 ˆ|\C70/rm/m/n/10.53937/ff ^^L| \OT1/cmr/m/n/10.53937 drug=True,eRTm=0.25,ePIm=0.25 |\C70/rm/m/n/10.53937/ff ^^H|\C70/rm/m/n/10.53937/53 s$\OML/cmm/m/it/10.53937 "[]; "[]$\C70/rm/m/n/10.53937/76 Ñ
 []


Overfull \hbox (19.72159pt too wide) in paragraph at lines 616--617
\C70/rm/m/n/10.53937/83 o \C70/rm/m/n/10.53937/65 H \C70/rm/m/n/10.53937/57 G \C70/rm/m/n/10.53937/4e :\OT1/cmr/m/n/10.53937 25%|\C70/rm/m/n/10.53937/ff 	||\C70/rm/m/n/10.53937/30 ^^B| \C70/rm/m/n/10.53937/57 ($\OML/cmm/m/it/10.53937 cell[] \OT1/cmr/m/n/10.53937 = [500\OML/cmm/m/it/10.53937 ; \OT1/cmr/m/n/10.53937 1\OML/cmm/m/it/10.53937 ; \OT1/cmr/m/n/10.53937 3\OML/cmm/m/it/10.53937 ; \OT1/cmr/m/n/10.53937 1\OML/cmm/m/it/10.53937 ; \OT1/cmr/m/n/10.53937 0\OML/cmm/m/it/10.53937 :\OT1/cmr/m/n/10.53937 001\OML/cmm/m/it/10.53937 ; \OT1/cmr/m/n/10.53937 0\OML/cmm/m/it/10.53937 :\OT1/cmr/m/n/10.53937 001\OML/cmm/m/it/10.53937 ; \OT1/cmr/m/n/10.53937 12\OML/cmm/m/it/10.53937 ; \OT1/cmr/m/n/10.53937 0]$\C70/rm/m/n/10.53937/76 Ñ \C70/rm/m/n/10.53937/60 ≈ \C70/rm/m/n/10.53937/51 µ \C70/rm/m/n/10.53937/4e  \C70/rm/m/n/10.53937/8b ° \C70/rm/m/n/10.53937/7b ó \C70/rm/m/n/10.53937/61 ^^_ \C70/rm/m/n/10.53937/67 ” \C70/rm/m/n/10.53937/8f « \C70/rm/m/n/10.53937/7a  \C70/rm/m/n/10.53937/5f ó \C70/rm/m/n/10.53937/76 ¯ \C70/rm/m/n/10.53937/5e î \C70/rm/m/n/10.53937/61 ^^_ \C70/rm/m/n/10.53937/67 ” \C70/rm/m/n/10.53937/7e » \C70/rm/m/n/10.53937/60 ^^A\OT1/cmr/m/n/10.53937 cell[]final\C70/rm/m/n/10.53937/7e ƒ|\C70/rm/m/n/10.53937/ff ^^L|
 []

<6.1.1.png, id=875, 476.37975pt x 397.485pt>
File: 6.1.1.png Graphic file (type png)
<use 6.1.1.png>
Package pdftex.def Info: 6.1.1.png  used on input line 626.
(pdftex.def)             Requested size: 375.80544pt x 313.56696pt.
<6.1.2.png, id=876, 1110.0672pt x 552.8655pt>
File: 6.1.2.png Graphic file (type png)
<use 6.1.2.png>
Package pdftex.def Info: 6.1.2.png  used on input line 632.
(pdftex.def)             Requested size: 469.75502pt x 233.95662pt.


[20 <./5.png>]
Overfull \hbox (12.27478pt too wide) in paragraph at lines 638--639
\OT1/cmr/m/n/10.53937 10[])[])\OML/cmm/m/it/10.53937 ; ^^L[] \OMS/cmsy/m/n/10.53937 ^^X \OML/cmm/m/it/10.53937 N\OT1/cmr/m/n/10.53937 (9 \OMS/cmsy/m/n/10.53937 ^^B \OT1/cmr/m/n/10.53937 10[]\OML/cmm/m/it/10.53937 ; \OT1/cmr/m/n/10.53937 (3 \OMS/cmsy/m/n/10.53937 ^^B \OT1/cmr/m/n/10.53937 10[])[]))$|\C70/rm/m/n/10.53937/30 ^^B| \C70/rm/m/n/10.53937/75 ^^_ \C70/rm/m/n/10.53937/62 ^^P \C70/rm/m/n/10.53937/67 	 \C70/rm/m/n/10.53937/83 o \C70/rm/m/n/10.53937/67 a \C70/rm/m/n/10.53937/4e ˆ  \C70/rm/m/n/10.53937/76 Ñ\OT1/cmr/m/n/10.53937 params\C70/rm/m/n/10.53937/7e ƒ \C70/rm/m/n/10.53937/65 ˆ|\C70/rm/m/n/10.53937/ff ^^L| \OT1/cmr/m/n/10.53937 drug=True,eRTm=0.5,ePIm=0.5
 []



[21 <./6.1.1.png> <./6.1.2.png>]
<6.2.1.png, id=898, 456.5055pt x 378.213pt>
File: 6.2.1.png Graphic file (type png)
<use 6.2.1.png>
Package pdftex.def Info: 6.2.1.png  used on input line 648.
(pdftex.def)             Requested size: 375.80544pt x 311.35435pt.
<6.2.2.png, id=899, 1110.0672pt x 552.8655pt>
File: 6.2.2.png Graphic file (type png)
<use 6.2.2.png>
Package pdftex.def Info: 6.2.2.png  used on input line 654.
(pdftex.def)             Requested size: 469.75502pt x 233.95662pt.


[22 <./6.2.1.png>]
<7.1.png, id=914, 1110.0672pt x 552.8655pt>
File: 7.1.png Graphic file (type png)
<use 7.1.png>
Package pdftex.def Info: 7.1.png  used on input line 663.
(pdftex.def)             Requested size: 469.75502pt x 233.95662pt.
<7.2.png, id=915, 450.483pt x 389.65575pt>
File: 7.2.png Graphic file (type png)
<use 7.2.png>
Package pdftex.def Info: 7.2.png  used on input line 670.
(pdftex.def)             Requested size: 230.18253pt x 199.10231pt.
<7.3.png, id=916, 510.10574pt x 413.74574pt>
File: 7.3.png Graphic file (type png)
<use 7.3.png>
Package pdftex.def Info: 7.3.png  used on input line 675.
(pdftex.def)             Requested size: 230.18253pt x 186.70155pt.


[23 <./6.2.2.png> <./7.1.png>]
Overfull \hbox (23.13596pt too wide) in paragraph at lines 684--685
[]\C70/rm/m/n/10.53937/4e ^^@ * \C70/rm/m/n/10.53937/5b f \C70/rm/m/n/10.53937/67 ^^_ \C70/rm/m/n/10.53937/76 Ñ\OT1/cmr/m/n/10.53937 python\C70/rm/m/n/10.53937/5b f \C70/rm/m/n/10.53937/4e `|\C70/rm/m/n/10.53937/ff ^^L| \C70/rm/m/n/10.53937/62 ^^Q @ \C70/rm/m/n/10.53937/83 ∑ \C70/rm/m/n/10.53937/98 á \C70/rm/m/n/10.53937/4e 0|\C70/rm/m/n/10.53937/30 ^^B| \C70/rm/m/n/10.53937/57 ( \C70/rm/m/n/10.53937/5b f \C70/rm/m/n/10.53937/4e ` \C70/rm/m/n/10.53937/67 , \C70/rm/m/n/10.53937/8b ˛ \C70/rm/m/n/10.53937/7a  \C70/rm/m/n/10.53937/52 M|\C70/rm/m/n/10.53937/ff ^^L| \C70/rm/m/n/10.53937/62 ^^Q \C70/rm/m/n/10.53937/5b ˘\OT1/cmr/m/n/10.53937 python\C70/rm/m/n/10.53937/5d Ú \C70/rm/m/n/10.53937/7e œ \C70/rm/m/n/10.53937/75 e \C70/rm/m/n/10.53937/67 	 \C70/rm/m/n/10.53937/6d â \C70/rm/m/n/10.53937/73 ^^N|\C70/rm/m/n/10.53937/ff ^^L| \C70/rm/m/n/10.53937/4f F \C70/rm/m/n/10.53937/90 £ \C70/rm/m/n/10.53937/65 ˆ \C70/rm/m/n/10.53937/5b ˘\OT1/cmr/m/n/10.53937 python\C70/rm/m/n/10.53937/76 Ñ
 []

(main.bbl
Underfull \hbox (badness 1960) in paragraph at lines 4--9
[]\OT1/cmr/m/n/10.53937 Jiahao Zhang, Huang-tao Guo, and Yan Wang.  A model of hiv in-fec-tion with two
 []


Underfull \hbox (badness 2990) in paragraph at lines 4--9
\OT1/cmr/m/n/10.53937 types of tar-get cells and la-tent in-fec-tion.  \OT1/cmr/m/it/10.53937 Ad-vances in Ap-plied Math-e-mat-ics\OT1/cmr/m/n/10.53937 , 2024.
 []



[24 <./7.2.png> <./7.3.png>]
Underfull \hbox (badness 1048) in paragraph at lines 11--17
[]\OT1/cmr/m/n/10.53937 Charline Bacchus-Souffan, Mark Fitch, Jori Symons, Mo-hamed Abdel-Mohsen, Daniel B.
 []

)

[25] (main.aux)
 ***********
LaTeX2e <2024-11-01> patch level 2
L3 programming layer <2022/07/14>
 ***********


LaTeX Font Warning: Size substitutions with differences
(Font)              up to 0.41063pt have occurred.

Package rerunfilecheck Info: File `main.out' has not changed.
(rerunfilecheck)             Checksum: 96D4AD12BB4903E0D9D42D72321C83C0;5803.
 ) 
Here is how much of TeX's memory you used:
 35608 strings out of 473530
 709277 string characters out of 5720576
 1484214 words of memory out of 5000000
 57481 multiletter control sequences out of 15000+600000
 653452 words of font info for 354 fonts, out of 8000000 for 9000
 1141 hyphenation exceptions out of 8191
 88i,11n,92p,2309b,2633s stack positions out of 10000i,1000n,20000p,200000b,200000s
<C:/Windows/Fonts/simsun.ttc><C:/Windows/Fonts/simsun.ttc><C:/Windows/Fonts/simsun.ttc><C:/Windows/Fonts/simsun.ttc><C:/Windows/Fonts/simsun.ttc><C:/Windows/Fonts/simsun.ttc><C:/Windows/Fonts/simsun.ttc><C:/Windows/Fonts/simsun.ttc><C:/Windows/Fonts/simsun.ttc><C:/Windows/Fonts/simsun.ttc><C:/Windows/Fonts/simsun.ttc><C:/Windows/Fonts/simsun.ttc><C:/Windows/Fonts/simsun.ttc><C:/Windows/Fonts/simsun.ttc><C:/Windows/Fonts/simhei.ttf><C:/Windows/Fonts/simhei.ttf><C:/Windows/Fonts/simhei.ttf><C:/Windows/Fonts/simsun.ttc><C:/Windows/Fonts/simsun.ttc><C:/Windows/Fonts/simhei.ttf><C:/Windows/Fonts/simhei.ttf><C:/Windows/Fonts/simhei.ttf><C:/Windows/Fonts/simsun.ttc><C:/Windows/Fonts/simhei.ttf><C:/Windows/Fonts/simhei.ttf><C:/Windows/Fonts/simhei.ttf><C:/Windows/Fonts/simsun.ttc><C:/Windows/Fonts/simsun.ttc><C:/Windows/Fonts/simhei.ttf><C:/Windows/Fonts/simhei.ttf><C:/Windows/Fonts/simsun.ttc><C:/Windows/Fonts/simhei.ttf><C:/Windows/Fonts/simhei.ttf><C:/Windows/Fonts/simsun.ttc><C:/Windows/Fonts/simsun.ttc><C:/Windows/Fonts/simsun.ttc><C:/Windows/Fonts/simsun.ttc><C:/Windows/Fonts/simsun.ttc><C:/Windows/Fonts/simsun.ttc><C:/Windows/Fonts/simsun.ttc><C:/Windows/Fonts/simsun.ttc><C:/Windows/Fonts/simhei.ttf><C:/Windows/Fonts/simhei.ttf><C:/Windows/Fonts/simhei.ttf><C:/Windows/Fonts/simhei.ttf><C:/Windows/Fonts/simhei.ttf><C:/Windows/Fonts/simhei.ttf><C:/Windows/Fonts/simhei.ttf><C:/Windows/Fonts/simhei.ttf><C:/Windows/Fonts/simhei.ttf><C:/Windows/Fonts/simhei.ttf><C:/Windows/Fonts/simsun.ttc><C:/Windows/Fonts/simsun.ttc><C:/Windows/Fonts/simsun.ttc><C:/Windows/Fonts/simsun.ttc><C:/Windows/Fonts/simsun.ttc><C:/Windows/Fonts/simhei.ttf><C:/Windows/Fonts/simhei.ttf><C:/Windows/Fonts/simhei.ttf><C:/Windows/Fonts/simsun.ttc><C:/Windows/Fonts/simsun.ttc><C:/Windows/Fonts/simsun.ttc><C:/Windows/Fonts/simsun.ttc><C:/Windows/Fonts/simsun.ttc><C:/Windows/Fonts/simsun.ttc><C:/Windows/Fonts/simsun.ttc><C:/Windows/Fonts/simhei.ttf><C:/Windows/Fonts/simhei.ttf><C:/Windows/Fonts/simhei.ttf><C:/Windows/Fonts/simhei.ttf><C:/Windows/Fonts/simsun.ttc><C:/Windows/Fonts/simsun.ttc><C:/Windows/Fonts/simsun.ttc><C:/Windows/Fonts/simsun.ttc><C:/Windows/Fonts/simsun.ttc><C:/Windows/Fonts/simsun.ttc><C:/Windows/Fonts/simhei.ttf><C:/Windows/Fonts/simhei.ttf><C:/Windows/Fonts/simsun.ttc><C:/Windows/Fonts/simsun.ttc><C:/Windows/Fonts/simsun.ttc><C:/Windows/Fonts/simhei.ttf><C:/Windows/Fonts/simhei.ttf><C:/Windows/Fonts/simhei.ttf><C:/Windows/Fonts/simhei.ttf><C:/Windows/Fonts/simhei.ttf><C:/Windows/Fonts/simsun.ttc><C:/Windows/Fonts/simsun.ttc><C:/Windows/Fonts/simsun.ttc><C:/Windows/Fonts/simhei.ttf><C:/Windows/Fonts/simhei.ttf><C:/Windows/Fonts/simsun.ttc><C:/Windows/Fonts/simsun.ttc><C:/Windows/Fonts/simsun.ttc><C:/Windows/Fonts/simsun.ttc><C:/Windows/Fonts/simsun.ttc><C:/Windows/Fonts/simsun.ttc><C:/Windows/Fonts/simsun.ttc><C:/Windows/Fonts/simsun.ttc><C:/Windows/Fonts/simsun.ttc><C:/Windows/Fonts/simsun.ttc><C:/Windows/Fonts/simsun.ttc><C:/Windows/Fonts/simsun.ttc><C:/Windows/Fonts/simsun.ttc><C:/Windows/Fonts/simsun.ttc><C:/Windows/Fonts/simsun.ttc><C:/Windows/Fonts/simsun.ttc><C:/Windows/Fonts/simsun.ttc><C:/Windows/Fonts/simhei.ttf><C:/Windows/Fonts/simhei.ttf><C:/Windows/Fonts/simhei.ttf><C:/Windows/Fonts/simhei.ttf><C:/Windows/Fonts/simhei.ttf><C:/Windows/Fonts/simsun.ttc><C:/Windows/Fonts/simsun.ttc><C:/Windows/Fonts/simsun.ttc><C:/Windows/Fonts/simsun.ttc><C:/Windows/Fonts/simsun.ttc><C:/Windows/Fonts/simsun.ttc><C:/Windows/Fonts/simsun.ttc><C:/Windows/Fonts/simsun.ttc><C:/Windows/Fonts/simhei.ttf><C:/Windows/Fonts/simhei.ttf><C:/Windows/Fonts/simhei.ttf><C:/Windows/Fonts/simhei.ttf><C:/Windows/Fonts/simhei.ttf><C:/Windows/Fonts/simhei.ttf><C:/Windows/Fonts/simhei.ttf><C:/Windows/Fonts/simhei.ttf><C:/Windows/Fonts/simsun.ttc><C:/Windows/Fonts/simsun.ttc><C:/Windows/Fonts/simsun.ttc><C:/Windows/Fonts/simsun.ttc><C:/Windows/Fonts/simsun.ttc><C:/Windows/Fonts/simsun.ttc><C:/Windows/Fonts/simsun.ttc><C:/Windows/Fonts/simsun.ttc><C:/Windows/Fonts/simsun.ttc><C:/Windows/Fonts/simsun.ttc><C:/Windows/Fonts/simhei.ttf><C:/Windows/Fonts/simhei.ttf><C:/Windows/Fonts/simhei.ttf><C:/Windows/Fonts/simsun.ttc><C:/Windows/Fonts/simsun.ttc><C:/Windows/Fonts/simsun.ttc><C:/Windows/Fonts/simsun.ttc><C:/Windows/Fonts/simsun.ttc><C:/Windows/Fonts/simsun.ttc><C:/Windows/Fonts/simsun.ttc><C:/Windows/Fonts/simsun.ttc><C:/Windows/Fonts/simsun.ttc><C:/Windows/Fonts/simsun.ttc><C:/Windows/Fonts/simsun.ttc><C:/Windows/Fonts/simsun.ttc><D:/app/ctex/app_ctex/CTEX/MiKTeX/fonts/type1/public/amsfonts/cm/cmbx10.pfb><D:/app/ctex/app_ctex/CTEX/MiKTeX/fonts/type1/public/amsfonts/cm/cmbx12.pfb><D:/app/ctex/app_ctex/CTEX/MiKTeX/fonts/type1/public/amsfonts/cm/cmex10.pfb><D:/app/ctex/app_ctex/CTEX/MiKTeX/fonts/type1/public/amsfonts/cm/cmmi10.pfb><D:/app/ctex/app_ctex/CTEX/MiKTeX/fonts/type1/public/amsfonts/cm/cmmi7.pfb><D:/app/ctex/app_ctex/CTEX/MiKTeX/fonts/type1/public/amsfonts/cm/cmmi9.pfb><D:/app/ctex/app_ctex/CTEX/MiKTeX/fonts/type1/public/amsfonts/cm/cmr10.pfb><D:/app/ctex/app_ctex/CTEX/MiKTeX/fonts/type1/public/amsfonts/cm/cmr17.pfb><D:/app/ctex/app_ctex/CTEX/MiKTeX/fonts/type1/public/amsfonts/cm/cmr5.pfb><D:/app/ctex/app_ctex/CTEX/MiKTeX/fonts/type1/public/amsfonts/cm/cmr6.pfb><D:/app/ctex/app_ctex/CTEX/MiKTeX/fonts/type1/public/amsfonts/cm/cmr7.pfb><D:/app/ctex/app_ctex/CTEX/MiKTeX/fonts/type1/public/amsfonts/cm/cmr9.pfb><D:/app/ctex/app_ctex/CTEX/MiKTeX/fonts/type1/public/amsfonts/cm/cmsl10.pfb><D:/app/ctex/app_ctex/CTEX/MiKTeX/fonts/type1/public/amsfonts/cm/cmsy10.pfb><D:/app/ctex/app_ctex/CTEX/MiKTeX/fonts/type1/public/amsfonts/cm/cmsy7.pfb><D:/app/ctex/app_ctex/CTEX/MiKTeX/fonts/type1/public/amsfonts/cm/cmti10.pfb><D:/app/ctex/app_ctex/CTEX/MiKTeX/fonts/type1/public/amsfonts/cm/cmtt8.pfb>
Output written on main.pdf (28 pages, 4847507 bytes).
PDF statistics:
 1559 PDF objects out of 1728 (max. 8388607)
 366 named destinations out of 1000 (max. 500000)
 739 words of extra memory for PDF output out of 10000 (max. 10000000)

